2023-05-09 21:44:48,957 INFO SPI service [com.alipay.sofa.jraft.JRaftServiceFactory - com.alipay.sofa.jraft.core.DefaultJRaftServiceFactory] loading.

2023-05-09 21:44:48,997 INFO SPI service [com.alipay.sofa.jraft.rpc.RaftRpcFactory - com.alipay.sofa.jraft.rpc.impl.GrpcRaftRpcFactory] loading.

2023-05-09 21:44:49,083 INFO SPI service [com.alipay.sofa.jraft.util.JRaftSignalHandler - com.alipay.sofa.jraft.NodeDescribeSignalHandler] loading.

2023-05-09 21:44:49,084 INFO SPI service [com.alipay.sofa.jraft.util.JRaftSignalHandler - com.alipay.sofa.jraft.NodeMetricsSignalHandler] loading.

2023-05-09 21:44:49,085 INFO SPI service [com.alipay.sofa.jraft.util.JRaftSignalHandler - com.alipay.sofa.jraft.ThreadPoolMetricsSignalHandler] loading.

2023-05-09 21:44:49,087 INFO SPI service [com.alipay.sofa.jraft.util.timer.RaftTimerFactory - com.alipay.sofa.jraft.util.timer.DefaultRaftTimerFactory] loading.

2023-05-09 21:44:49,091 INFO The number of active nodes increment to 1.

2023-05-09 21:44:49,213 INFO Starts FSMCaller successfully.

2023-05-09 21:44:49,218 WARN No data for snapshot reader /home/nacos/data/protocol/raft/naming_persistent_service_v2/snapshot.

2023-05-09 21:44:49,233 INFO Node <naming_persistent_service_v2/9cad74038c00:7848> init, term=0, lastLogId=LogId [index=0, term=0], conf=9cad74038c00:7848, oldConf=.

2023-05-09 21:44:49,234 INFO Node <naming_persistent_service_v2/9cad74038c00:7848> start vote and grant vote self, term=0.

2023-05-09 21:44:49,247 INFO Save raft meta, path=/home/nacos/data/protocol/raft/naming_persistent_service_v2/meta-data, term=1, votedFor=9cad74038c00:7848, cost time=9 ms

2023-05-09 21:44:49,248 INFO Node <naming_persistent_service_v2/9cad74038c00:7848> become leader of group, term=1, conf=9cad74038c00:7848, oldConf=.

2023-05-09 21:44:49,250 INFO -Djraft.recyclers.maxCapacityPerThread: 4096.

2023-05-09 21:44:49,252 WARN RPC server is not started in RaftGroupService.

2023-05-09 21:44:49,252 INFO Start the RaftGroupService successfully.

2023-05-09 21:44:49,261 INFO onLeaderStart: term=1.

2023-05-09 21:44:49,269 INFO The number of active nodes increment to 2.

2023-05-09 21:44:49,305 INFO Starts FSMCaller successfully.

2023-05-09 21:44:49,306 WARN No data for snapshot reader /home/nacos/data/protocol/raft/naming_instance_metadata/snapshot.

2023-05-09 21:44:49,308 INFO Node <naming_instance_metadata/9cad74038c00:7848> init, term=0, lastLogId=LogId [index=0, term=0], conf=9cad74038c00:7848, oldConf=.

2023-05-09 21:44:49,308 WARN Channel in TRANSIENT_FAILURE state: 9cad74038c00:7848.

2023-05-09 21:44:49,309 INFO Node <naming_instance_metadata/9cad74038c00:7848> start vote and grant vote self, term=0.

2023-05-09 21:44:49,309 WARN Channel in SHUTDOWN state: 9cad74038c00:7848.

2023-05-09 21:44:49,310 INFO Save raft meta, path=/home/nacos/data/protocol/raft/naming_instance_metadata/meta-data, term=1, votedFor=9cad74038c00:7848, cost time=1 ms

2023-05-09 21:44:49,311 INFO Node <naming_instance_metadata/9cad74038c00:7848> become leader of group, term=1, conf=9cad74038c00:7848, oldConf=.

2023-05-09 21:44:49,311 WARN RPC server is not started in RaftGroupService.

2023-05-09 21:44:49,312 INFO Start the RaftGroupService successfully.

2023-05-09 21:44:49,312 INFO onLeaderStart: term=1.

2023-05-09 21:44:49,316 INFO The number of active nodes increment to 3.

2023-05-09 21:44:49,366 INFO Starts FSMCaller successfully.

2023-05-09 21:44:49,366 WARN No data for snapshot reader /home/nacos/data/protocol/raft/naming_service_metadata/snapshot.

2023-05-09 21:44:49,369 INFO Node <naming_service_metadata/9cad74038c00:7848> init, term=0, lastLogId=LogId [index=0, term=0], conf=9cad74038c00:7848, oldConf=.

2023-05-09 21:44:49,370 INFO Node <naming_service_metadata/9cad74038c00:7848> start vote and grant vote self, term=0.

2023-05-09 21:44:49,371 INFO Save raft meta, path=/home/nacos/data/protocol/raft/naming_service_metadata/meta-data, term=1, votedFor=9cad74038c00:7848, cost time=1 ms

2023-05-09 21:44:49,372 INFO Node <naming_service_metadata/9cad74038c00:7848> become leader of group, term=1, conf=9cad74038c00:7848, oldConf=.

2023-05-09 21:44:49,372 WARN RPC server is not started in RaftGroupService.

2023-05-09 21:44:49,373 INFO Start the RaftGroupService successfully.

2023-05-09 21:44:49,373 INFO onLeaderStart: term=1.

2023-05-09 22:29:40,997 INFO Deleting snapshot /home/nacos/data/protocol/raft/naming_persistent_service_v2/snapshot/snapshot_1.

2023-05-09 22:29:40,999 INFO Renaming /home/nacos/data/protocol/raft/naming_persistent_service_v2/snapshot/temp to /home/nacos/data/protocol/raft/naming_persistent_service_v2/snapshot/snapshot_1.

2023-05-09 22:35:22,384 INFO Deleting snapshot /home/nacos/data/protocol/raft/naming_instance_metadata/snapshot/snapshot_1.

2023-05-09 22:35:22,388 INFO Renaming /home/nacos/data/protocol/raft/naming_instance_metadata/snapshot/temp to /home/nacos/data/protocol/raft/naming_instance_metadata/snapshot/snapshot_1.

2023-05-09 22:46:53,821 INFO Deleting snapshot /home/nacos/data/protocol/raft/naming_service_metadata/snapshot/snapshot_1.

2023-05-09 22:46:53,826 INFO Renaming /home/nacos/data/protocol/raft/naming_service_metadata/snapshot/temp to /home/nacos/data/protocol/raft/naming_service_metadata/snapshot/snapshot_1.

