2023-05-11 01:20:50,126 INFO groupCount = 7, subscriberClientCount = 0, subscriberCount = 0

2023-05-11 01:20:50,126 INFO toNotifyTaskSize = 0

2023-05-11 01:20:50,157 INFO toClientNotifyTaskSize = 0

2023-05-11 01:20:50,126 INFO [long-pulling] client count 0

2023-05-11 01:21:00,156 INFO groupCount = 7, subscriberClientCount = 0, subscriberCount = 0

2023-05-11 01:21:00,158 INFO toNotifyTaskSize = 0

2023-05-11 01:21:00,159 INFO toClientNotifyTaskSize = 0

2023-05-11 01:21:00,158 INFO [long-pulling] client count 0

2023-05-11 01:21:10,160 INFO groupCount = 7, subscriberClientCount = 0, subscriberCount = 0

2023-05-11 01:21:10,160 INFO [long-pulling] client count 0

2023-05-11 01:21:10,160 INFO toNotifyTaskSize = 0

2023-05-11 01:21:10,165 INFO toClientNotifyTaskSize = 0

2023-05-11 02:27:07,852 INFO [long-pulling] client count 0

2023-05-11 02:27:07,854 INFO toNotifyTaskSize = 0

2023-05-11 02:27:07,855 INFO toClientNotifyTaskSize = 0

2023-05-11 02:27:07,852 INFO groupCount = 7, subscriberClientCount = 0, subscriberCount = 0

2023-05-11 02:27:17,856 INFO [long-pulling] client count 0

2023-05-11 02:27:17,856 INFO groupCount = 7, subscriberClientCount = 0, subscriberCount = 0

2023-05-11 02:27:17,856 INFO toNotifyTaskSize = 0

2023-05-11 02:27:17,862 INFO toClientNotifyTaskSize = 0

2023-05-11 02:27:27,860 INFO [long-pulling] client count 0

2023-05-11 02:27:27,863 INFO toNotifyTaskSize = 0

2023-05-11 02:27:27,870 INFO toClientNotifyTaskSize = 0

2023-05-11 02:27:27,862 INFO groupCount = 7, subscriberClientCount = 0, subscriberCount = 0

2023-05-11 03:34:59,777 INFO [long-pulling] client count 0

2023-05-11 03:34:59,780 INFO toNotifyTaskSize = 0

2023-05-11 03:34:59,781 INFO toClientNotifyTaskSize = 0

2023-05-11 03:34:59,781 INFO groupCount = 7, subscriberClientCount = 0, subscriberCount = 0

2023-05-11 03:35:09,781 INFO toNotifyTaskSize = 0

2023-05-11 03:35:09,782 INFO toClientNotifyTaskSize = 0

2023-05-11 03:35:09,780 INFO [long-pulling] client count 0

2023-05-11 03:35:09,782 INFO groupCount = 7, subscriberClientCount = 0, subscriberCount = 0

2023-05-11 03:35:19,783 INFO [long-pulling] client count 0

2023-05-11 03:35:19,784 INFO groupCount = 7, subscriberClientCount = 0, subscriberCount = 0

2023-05-11 03:35:19,784 INFO toNotifyTaskSize = 0

2023-05-11 03:35:19,786 INFO toClientNotifyTaskSize = 0

2023-05-11 04:15:48,481 INFO [long-pulling] client count 0

2023-05-11 04:15:48,481 INFO toNotifyTaskSize = 0

2023-05-11 04:15:48,481 INFO groupCount = 7, subscriberClientCount = 0, subscriberCount = 0

2023-05-11 04:15:48,483 INFO toClientNotifyTaskSize = 0

2023-05-11 04:15:58,484 INFO [long-pulling] client count 0

2023-05-11 04:15:58,484 INFO toNotifyTaskSize = 0

2023-05-11 04:15:58,486 INFO toClientNotifyTaskSize = 0

2023-05-11 04:15:58,484 INFO groupCount = 7, subscriberClientCount = 0, subscriberCount = 0

2023-05-11 04:16:08,486 INFO [long-pulling] client count 0

2023-05-11 04:16:08,487 INFO groupCount = 7, subscriberClientCount = 0, subscriberCount = 0

2023-05-11 04:16:08,487 INFO toNotifyTaskSize = 0

2023-05-11 04:16:08,488 INFO toClientNotifyTaskSize = 0

2023-05-11 05:23:39,126 INFO toNotifyTaskSize = 0

2023-05-11 05:23:39,129 INFO toClientNotifyTaskSize = 0

2023-05-11 05:23:39,126 INFO groupCount = 7, subscriberClientCount = 0, subscriberCount = 0

2023-05-11 05:23:39,129 INFO [long-pulling] client count 0

2023-05-11 05:23:49,133 INFO [long-pulling] client count 0

2023-05-11 05:23:49,133 INFO groupCount = 7, subscriberClientCount = 0, subscriberCount = 0

2023-05-11 05:23:49,133 INFO toNotifyTaskSize = 0

2023-05-11 05:23:49,135 INFO toClientNotifyTaskSize = 0

2023-05-11 05:23:59,134 INFO [long-pulling] client count 0

2023-05-11 05:23:59,135 INFO toNotifyTaskSize = 0

2023-05-11 05:23:59,137 INFO toClientNotifyTaskSize = 0

2023-05-11 05:23:59,134 INFO groupCount = 7, subscriberClientCount = 0, subscriberCount = 0

2023-05-11 05:24:09,137 INFO [long-pulling] client count 0

2023-05-11 05:24:09,138 INFO groupCount = 7, subscriberClientCount = 0, subscriberCount = 0

2023-05-11 05:24:09,138 INFO toNotifyTaskSize = 0

2023-05-11 05:24:09,140 INFO toClientNotifyTaskSize = 0

2023-05-11 05:24:19,140 INFO groupCount = 7, subscriberClientCount = 0, subscriberCount = 0

2023-05-11 05:24:19,141 INFO [long-pulling] client count 0

2023-05-11 05:24:19,140 INFO toNotifyTaskSize = 0

2023-05-11 05:24:19,142 INFO toClientNotifyTaskSize = 0

2023-05-11 05:24:29,144 INFO [long-pulling] client count 0

2023-05-11 05:24:29,144 INFO toNotifyTaskSize = 0

2023-05-11 05:24:29,144 INFO groupCount = 7, subscriberClientCount = 0, subscriberCount = 0

2023-05-11 05:24:29,147 INFO toClientNotifyTaskSize = 0

2023-05-11 05:29:22,141 INFO [long-pulling] client count 0

2023-05-11 05:29:22,141 INFO groupCount = 7, subscriberClientCount = 0, subscriberCount = 0

2023-05-11 05:29:22,141 INFO toNotifyTaskSize = 0

2023-05-11 05:29:22,143 INFO toClientNotifyTaskSize = 0

2023-05-11 05:29:32,148 INFO [long-pulling] client count 0

2023-05-11 05:29:32,149 INFO toNotifyTaskSize = 0

2023-05-11 05:29:32,150 INFO toClientNotifyTaskSize = 0

2023-05-11 05:29:32,149 INFO groupCount = 7, subscriberClientCount = 0, subscriberCount = 0

2023-05-11 05:29:42,151 INFO [long-pulling] client count 0

2023-05-11 05:29:42,151 INFO groupCount = 7, subscriberClientCount = 0, subscriberCount = 0

2023-05-11 05:29:42,151 INFO toNotifyTaskSize = 0

2023-05-11 05:29:42,155 INFO toClientNotifyTaskSize = 0

2023-05-11 06:01:58,968 INFO groupCount = 7, subscriberClientCount = 0, subscriberCount = 0

2023-05-11 06:01:58,969 INFO toNotifyTaskSize = 0

2023-05-11 06:01:58,972 INFO toClientNotifyTaskSize = 0

2023-05-11 06:01:58,969 INFO [long-pulling] client count 0

2023-05-11 06:02:08,971 INFO groupCount = 7, subscriberClientCount = 0, subscriberCount = 0

2023-05-11 06:02:08,973 INFO toNotifyTaskSize = 0

2023-05-11 06:02:08,973 INFO toClientNotifyTaskSize = 0

2023-05-11 06:02:08,973 INFO [long-pulling] client count 0

2023-05-11 06:02:18,975 INFO [long-pulling] client count 0

2023-05-11 06:02:18,976 INFO toNotifyTaskSize = 0

2023-05-11 06:02:18,978 INFO toClientNotifyTaskSize = 0

2023-05-11 06:02:18,976 INFO groupCount = 7, subscriberClientCount = 0, subscriberCount = 0

2023-05-11 07:06:43,790 INFO toNotifyTaskSize = 0

2023-05-11 07:06:43,790 INFO groupCount = 7, subscriberClientCount = 0, subscriberCount = 0

2023-05-11 07:06:43,790 INFO [long-pulling] client count 0

2023-05-11 07:06:43,791 INFO toClientNotifyTaskSize = 0

2023-05-11 07:06:53,792 INFO toNotifyTaskSize = 0

2023-05-11 07:06:53,794 INFO toClientNotifyTaskSize = 0

2023-05-11 07:06:53,792 INFO groupCount = 7, subscriberClientCount = 0, subscriberCount = 0

2023-05-11 07:06:53,792 INFO [long-pulling] client count 0

2023-05-11 07:07:03,797 INFO [long-pulling] client count 0

2023-05-11 07:07:03,797 INFO groupCount = 7, subscriberClientCount = 0, subscriberCount = 0

2023-05-11 07:07:03,797 INFO toNotifyTaskSize = 0

2023-05-11 07:07:03,799 INFO toClientNotifyTaskSize = 0

2023-05-11 08:12:07,543 INFO [long-pulling] client count 0

2023-05-11 08:12:07,544 INFO groupCount = 7, subscriberClientCount = 0, subscriberCount = 0

2023-05-11 08:12:07,544 INFO toNotifyTaskSize = 0

2023-05-11 08:12:07,549 INFO toClientNotifyTaskSize = 0

2023-05-11 08:12:17,548 INFO [long-pulling] client count 0

2023-05-11 08:12:17,548 INFO groupCount = 7, subscriberClientCount = 0, subscriberCount = 0

2023-05-11 08:12:17,550 INFO toNotifyTaskSize = 0

2023-05-11 08:12:17,556 INFO toClientNotifyTaskSize = 0

2023-05-11 08:12:27,556 INFO groupCount = 7, subscriberClientCount = 0, subscriberCount = 0

2023-05-11 08:12:27,557 INFO toNotifyTaskSize = 0

2023-05-11 08:12:27,559 INFO toClientNotifyTaskSize = 0

2023-05-11 08:12:27,556 INFO [long-pulling] client count 0

2023-05-11 08:19:41,188 INFO groupCount = 7, subscriberClientCount = 0, subscriberCount = 0

2023-05-11 08:19:41,189 INFO [long-pulling] client count 0

2023-05-11 08:19:41,188 INFO toNotifyTaskSize = 0

2023-05-11 08:19:41,193 INFO toClientNotifyTaskSize = 0

2023-05-11 08:19:51,192 INFO groupCount = 7, subscriberClientCount = 0, subscriberCount = 0

2023-05-11 08:19:51,193 INFO toNotifyTaskSize = 0

2023-05-11 08:19:51,196 INFO toClientNotifyTaskSize = 0

2023-05-11 08:19:51,192 INFO [long-pulling] client count 0

2023-05-11 08:20:01,198 INFO [long-pulling] client count 0

2023-05-11 08:20:01,198 INFO toNotifyTaskSize = 0

2023-05-11 08:20:01,200 INFO toClientNotifyTaskSize = 0

2023-05-11 08:20:01,198 INFO groupCount = 7, subscriberClientCount = 0, subscriberCount = 0

2023-05-11 08:24:54,240 INFO [long-pulling] client count 0

2023-05-11 08:24:54,241 INFO groupCount = 7, subscriberClientCount = 0, subscriberCount = 0

2023-05-11 08:24:54,241 INFO toNotifyTaskSize = 0

2023-05-11 08:24:54,244 INFO toClientNotifyTaskSize = 0

2023-05-11 08:25:04,249 INFO [long-pulling] client count 0

2023-05-11 08:25:04,249 INFO toNotifyTaskSize = 0

2023-05-11 08:25:04,252 INFO toClientNotifyTaskSize = 0

2023-05-11 08:25:04,249 INFO groupCount = 7, subscriberClientCount = 0, subscriberCount = 0

2023-05-11 08:25:14,252 INFO [long-pulling] client count 0

2023-05-11 08:25:14,254 INFO groupCount = 7, subscriberClientCount = 0, subscriberCount = 0

2023-05-11 08:25:14,253 INFO toNotifyTaskSize = 0

2023-05-11 08:25:14,256 INFO toClientNotifyTaskSize = 0

2023-05-11 08:25:24,263 INFO [long-pulling] client count 0

2023-05-11 08:25:24,263 INFO groupCount = 7, subscriberClientCount = 0, subscriberCount = 0

2023-05-11 08:25:24,263 INFO toNotifyTaskSize = 0

2023-05-11 08:25:24,266 INFO toClientNotifyTaskSize = 0

2023-05-11 08:25:34,265 INFO [long-pulling] client count 0

2023-05-11 08:25:34,266 INFO toNotifyTaskSize = 0

2023-05-11 08:25:34,269 INFO toClientNotifyTaskSize = 0

2023-05-11 08:25:34,266 INFO groupCount = 7, subscriberClientCount = 0, subscriberCount = 0

2023-05-11 08:25:44,269 INFO [long-pulling] client count 0

2023-05-11 08:25:44,270 INFO groupCount = 7, subscriberClientCount = 0, subscriberCount = 0

2023-05-11 08:25:44,270 INFO toNotifyTaskSize = 0

2023-05-11 08:25:44,274 INFO toClientNotifyTaskSize = 0

2023-05-11 08:29:26,525 INFO [long-pulling] client count 0

2023-05-11 08:29:26,527 INFO toNotifyTaskSize = 0

2023-05-11 08:29:26,530 INFO toClientNotifyTaskSize = 0

2023-05-11 08:29:26,526 INFO groupCount = 7, subscriberClientCount = 0, subscriberCount = 0

2023-05-11 08:29:36,532 INFO toNotifyTaskSize = 0

2023-05-11 08:29:36,535 INFO toClientNotifyTaskSize = 0

2023-05-11 08:29:36,532 INFO [long-pulling] client count 0

2023-05-11 08:29:36,532 INFO groupCount = 7, subscriberClientCount = 0, subscriberCount = 0

2023-05-11 08:29:46,536 INFO toNotifyTaskSize = 0

2023-05-11 08:29:46,537 INFO [long-pulling] client count 0

2023-05-11 08:29:46,537 INFO groupCount = 7, subscriberClientCount = 0, subscriberCount = 0

2023-05-11 08:29:46,539 INFO toClientNotifyTaskSize = 0

2023-05-11 08:30:37,136 INFO toNotifyTaskSize = 0

2023-05-11 08:30:37,139 INFO toClientNotifyTaskSize = 0

2023-05-11 08:30:37,135 INFO [long-pulling] client count 0

2023-05-11 08:30:37,136 INFO groupCount = 7, subscriberClientCount = 0, subscriberCount = 0

2023-05-11 08:30:47,144 INFO toNotifyTaskSize = 0

2023-05-11 08:30:47,147 INFO [long-pulling] client count 0

2023-05-11 08:30:47,145 INFO groupCount = 7, subscriberClientCount = 0, subscriberCount = 0

2023-05-11 08:30:47,151 INFO toClientNotifyTaskSize = 0

2023-05-11 08:30:57,153 INFO [long-pulling] client count 0

2023-05-11 08:30:57,154 INFO toNotifyTaskSize = 0

2023-05-11 08:30:57,157 INFO toClientNotifyTaskSize = 0

2023-05-11 08:30:57,154 INFO groupCount = 7, subscriberClientCount = 0, subscriberCount = 0

2023-05-11 08:31:07,157 INFO [long-pulling] client count 0

2023-05-11 08:31:07,160 INFO groupCount = 7, subscriberClientCount = 0, subscriberCount = 0

2023-05-11 08:31:07,159 INFO toNotifyTaskSize = 0

2023-05-11 08:31:07,164 INFO toClientNotifyTaskSize = 0

2023-05-11 08:31:17,165 INFO toNotifyTaskSize = 0

2023-05-11 08:31:17,170 INFO toClientNotifyTaskSize = 0

2023-05-11 08:31:17,164 INFO groupCount = 7, subscriberClientCount = 0, subscriberCount = 0

2023-05-11 08:31:17,165 INFO [long-pulling] client count 0

2023-05-11 08:31:27,172 INFO toNotifyTaskSize = 0

2023-05-11 08:31:27,179 INFO toClientNotifyTaskSize = 0

2023-05-11 08:31:27,173 INFO [long-pulling] client count 0

2023-05-11 08:31:27,172 INFO groupCount = 7, subscriberClientCount = 0, subscriberCount = 0

2023-05-11 08:36:20,195 INFO [long-pulling] client count 0

2023-05-11 08:36:20,198 INFO groupCount = 7, subscriberClientCount = 0, subscriberCount = 0

2023-05-11 08:36:20,198 INFO toNotifyTaskSize = 0

2023-05-11 08:36:20,205 INFO toClientNotifyTaskSize = 0

2023-05-11 08:36:30,207 INFO groupCount = 7, subscriberClientCount = 0, subscriberCount = 0

2023-05-11 08:36:30,207 INFO [long-pulling] client count 0

2023-05-11 08:36:30,207 INFO toNotifyTaskSize = 0

2023-05-11 08:36:30,217 INFO toClientNotifyTaskSize = 0

2023-05-11 08:36:40,219 INFO toNotifyTaskSize = 0

2023-05-11 08:36:40,218 INFO [long-pulling] client count 0

2023-05-11 08:36:40,218 INFO groupCount = 7, subscriberClientCount = 0, subscriberCount = 0

2023-05-11 08:36:40,226 INFO toClientNotifyTaskSize = 0

2023-05-11 08:36:50,222 INFO [long-pulling] client count 0

2023-05-11 08:36:50,223 INFO toNotifyTaskSize = 0

2023-05-11 08:36:50,222 INFO groupCount = 7, subscriberClientCount = 0, subscriberCount = 0

2023-05-11 08:36:50,226 INFO toClientNotifyTaskSize = 0

2023-05-11 08:37:00,232 INFO [long-pulling] client count 0

2023-05-11 08:37:00,232 INFO toNotifyTaskSize = 0

2023-05-11 08:37:00,237 INFO toClientNotifyTaskSize = 0

2023-05-11 08:37:00,232 INFO groupCount = 7, subscriberClientCount = 0, subscriberCount = 0

2023-05-11 08:37:10,237 INFO toNotifyTaskSize = 0

2023-05-11 08:37:10,238 INFO groupCount = 7, subscriberClientCount = 0, subscriberCount = 0

2023-05-11 08:37:10,238 INFO [long-pulling] client count 0

2023-05-11 08:37:10,245 INFO toClientNotifyTaskSize = 0

2023-05-11 08:37:20,229 INFO groupCount = 7, subscriberClientCount = 0, subscriberCount = 0

2023-05-11 08:37:20,232 INFO toNotifyTaskSize = 0

2023-05-11 08:37:20,241 INFO toClientNotifyTaskSize = 0

2023-05-11 08:37:20,230 INFO [long-pulling] client count 0

2023-05-11 08:37:30,244 INFO groupCount = 7, subscriberClientCount = 0, subscriberCount = 0

2023-05-11 08:37:30,245 INFO [long-pulling] client count 0

2023-05-11 08:37:30,245 INFO toNotifyTaskSize = 0

2023-05-11 08:37:30,266 INFO toClientNotifyTaskSize = 0

2023-05-11 08:37:40,266 INFO groupCount = 7, subscriberClientCount = 0, subscriberCount = 0

2023-05-11 08:37:40,267 INFO toNotifyTaskSize = 0

2023-05-11 08:37:40,266 INFO [long-pulling] client count 0

2023-05-11 08:37:40,278 INFO toClientNotifyTaskSize = 0

2023-05-11 08:37:50,271 INFO groupCount = 7, subscriberClientCount = 0, subscriberCount = 0

2023-05-11 08:37:50,275 INFO toNotifyTaskSize = 0

2023-05-11 08:37:50,274 INFO [long-pulling] client count 0

2023-05-11 08:37:50,280 INFO toClientNotifyTaskSize = 0

2023-05-11 08:38:00,279 INFO groupCount = 7, subscriberClientCount = 0, subscriberCount = 0

2023-05-11 08:38:00,282 INFO toNotifyTaskSize = 0

2023-05-11 08:38:00,282 INFO toClientNotifyTaskSize = 0

2023-05-11 08:38:00,281 INFO [long-pulling] client count 0

2023-05-11 08:38:10,283 INFO groupCount = 7, subscriberClientCount = 0, subscriberCount = 0

2023-05-11 08:38:10,284 INFO [long-pulling] client count 0

2023-05-11 08:38:10,283 INFO toNotifyTaskSize = 0

2023-05-11 08:38:10,294 INFO toClientNotifyTaskSize = 0

2023-05-11 08:38:20,295 INFO [long-pulling] client count 0

2023-05-11 08:38:20,298 INFO toNotifyTaskSize = 0

2023-05-11 08:38:20,295 INFO groupCount = 7, subscriberClientCount = 0, subscriberCount = 0

2023-05-11 08:38:20,303 INFO toClientNotifyTaskSize = 0

2023-05-11 08:38:30,305 INFO [long-pulling] client count 0

2023-05-11 08:38:30,305 INFO toNotifyTaskSize = 0

2023-05-11 08:38:30,310 INFO toClientNotifyTaskSize = 0

2023-05-11 08:38:30,305 INFO groupCount = 7, subscriberClientCount = 0, subscriberCount = 0

2023-05-11 08:38:40,313 INFO [long-pulling] client count 0

2023-05-11 08:38:40,312 INFO toNotifyTaskSize = 0

2023-05-11 08:38:40,313 INFO groupCount = 7, subscriberClientCount = 0, subscriberCount = 0

2023-05-11 08:38:40,321 INFO toClientNotifyTaskSize = 0

2023-05-11 08:38:50,323 INFO toNotifyTaskSize = 0

2023-05-11 08:38:50,327 INFO toClientNotifyTaskSize = 0

2023-05-11 08:38:50,319 INFO [long-pulling] client count 0

2023-05-11 08:38:50,322 INFO groupCount = 7, subscriberClientCount = 0, subscriberCount = 0

2023-05-11 08:39:00,332 INFO [long-pulling] client count 0

2023-05-11 08:39:00,333 INFO groupCount = 7, subscriberClientCount = 0, subscriberCount = 0

2023-05-11 08:39:00,332 INFO toNotifyTaskSize = 0

2023-05-11 08:39:00,343 INFO toClientNotifyTaskSize = 0

2023-05-11 08:39:10,339 INFO [long-pulling] client count 0

2023-05-11 08:39:10,344 INFO toNotifyTaskSize = 0

2023-05-11 08:39:10,341 INFO groupCount = 7, subscriberClientCount = 0, subscriberCount = 0

2023-05-11 08:39:10,348 INFO toClientNotifyTaskSize = 0

2023-05-11 08:39:20,351 INFO [long-pulling] client count 0

2023-05-11 08:39:20,351 INFO toNotifyTaskSize = 0

2023-05-11 08:39:20,357 INFO toClientNotifyTaskSize = 0

2023-05-11 08:39:20,351 INFO groupCount = 7, subscriberClientCount = 0, subscriberCount = 0

2023-05-11 08:39:30,357 INFO [long-pulling] client count 0

2023-05-11 08:39:30,361 INFO groupCount = 7, subscriberClientCount = 0, subscriberCount = 0

2023-05-11 08:39:30,360 INFO toNotifyTaskSize = 0

2023-05-11 08:39:30,368 INFO toClientNotifyTaskSize = 0

2023-05-11 08:39:40,368 INFO groupCount = 7, subscriberClientCount = 0, subscriberCount = 0

2023-05-11 08:39:40,370 INFO toNotifyTaskSize = 0

2023-05-11 08:39:40,377 INFO toClientNotifyTaskSize = 0

2023-05-11 08:39:40,368 INFO [long-pulling] client count 0

2023-05-11 08:39:50,375 INFO groupCount = 7, subscriberClientCount = 0, subscriberCount = 0

2023-05-11 08:39:50,377 INFO [long-pulling] client count 0

2023-05-11 08:39:50,377 INFO toNotifyTaskSize = 0

2023-05-11 08:39:50,380 INFO toClientNotifyTaskSize = 0

2023-05-11 08:40:00,380 INFO [long-pulling] client count 0

2023-05-11 08:40:00,384 INFO toNotifyTaskSize = 0

2023-05-11 08:40:00,391 INFO toClientNotifyTaskSize = 0

2023-05-11 08:40:00,381 INFO groupCount = 7, subscriberClientCount = 0, subscriberCount = 0

2023-05-11 08:40:10,390 INFO [long-pulling] client count 0

2023-05-11 08:40:10,393 INFO groupCount = 7, subscriberClientCount = 0, subscriberCount = 0

2023-05-11 08:40:10,393 INFO toNotifyTaskSize = 0

2023-05-11 08:40:10,400 INFO toClientNotifyTaskSize = 0

2023-05-11 08:40:20,402 INFO [long-pulling] client count 0

2023-05-11 08:40:20,404 INFO toNotifyTaskSize = 0

2023-05-11 08:40:20,402 INFO groupCount = 7, subscriberClientCount = 0, subscriberCount = 0

2023-05-11 08:40:20,415 INFO toClientNotifyTaskSize = 0

2023-05-11 08:40:30,417 INFO [long-pulling] client count 0

2023-05-11 08:40:30,418 INFO toNotifyTaskSize = 0

2023-05-11 08:40:30,417 INFO groupCount = 7, subscriberClientCount = 0, subscriberCount = 0

2023-05-11 08:40:30,428 INFO toClientNotifyTaskSize = 0

2023-05-11 08:40:40,428 INFO [long-pulling] client count 0

2023-05-11 08:40:40,431 INFO toNotifyTaskSize = 0

2023-05-11 08:40:40,438 INFO toClientNotifyTaskSize = 0

2023-05-11 08:40:40,430 INFO groupCount = 7, subscriberClientCount = 0, subscriberCount = 0

2023-05-11 08:40:50,435 INFO [long-pulling] client count 0

2023-05-11 08:40:50,440 INFO groupCount = 7, subscriberClientCount = 0, subscriberCount = 0

2023-05-11 08:40:50,438 INFO toNotifyTaskSize = 0

2023-05-11 08:40:50,450 INFO toClientNotifyTaskSize = 0

2023-05-11 08:41:00,448 INFO [long-pulling] client count 0

2023-05-11 08:41:00,449 INFO groupCount = 7, subscriberClientCount = 0, subscriberCount = 0

2023-05-11 08:41:00,452 INFO toNotifyTaskSize = 0

2023-05-11 08:41:00,454 INFO toClientNotifyTaskSize = 0

2023-05-11 08:41:10,453 INFO [long-pulling] client count 0

2023-05-11 08:41:10,455 INFO toNotifyTaskSize = 0

2023-05-11 08:41:10,461 INFO toClientNotifyTaskSize = 0

2023-05-11 08:41:10,453 INFO groupCount = 7, subscriberClientCount = 0, subscriberCount = 0

2023-05-11 08:41:20,461 INFO [long-pulling] client count 0

2023-05-11 08:41:20,463 INFO toNotifyTaskSize = 0

2023-05-11 08:41:20,465 INFO groupCount = 7, subscriberClientCount = 0, subscriberCount = 0

2023-05-11 08:41:20,478 INFO toClientNotifyTaskSize = 0

2023-05-11 08:41:30,474 INFO [long-pulling] client count 0

2023-05-11 08:41:30,480 INFO groupCount = 7, subscriberClientCount = 0, subscriberCount = 0

2023-05-11 08:41:30,482 INFO toNotifyTaskSize = 0

2023-05-11 08:41:30,483 INFO toClientNotifyTaskSize = 0

2023-05-11 08:41:40,480 INFO [long-pulling] client count 0

2023-05-11 08:41:40,484 INFO toNotifyTaskSize = 0

2023-05-11 08:41:40,490 INFO toClientNotifyTaskSize = 0

2023-05-11 08:41:40,482 INFO groupCount = 7, subscriberClientCount = 0, subscriberCount = 0

2023-05-11 08:41:50,490 INFO [long-pulling] client count 0

2023-05-11 08:41:50,493 INFO groupCount = 7, subscriberClientCount = 0, subscriberCount = 0

2023-05-11 08:41:50,492 INFO toNotifyTaskSize = 0

2023-05-11 08:41:50,498 INFO toClientNotifyTaskSize = 0

2023-05-11 08:42:00,497 INFO [long-pulling] client count 0

2023-05-11 08:42:00,499 INFO toNotifyTaskSize = 0

2023-05-11 08:42:00,506 INFO toClientNotifyTaskSize = 0

2023-05-11 08:42:00,498 INFO groupCount = 7, subscriberClientCount = 0, subscriberCount = 0

2023-05-11 08:42:10,509 INFO groupCount = 7, subscriberClientCount = 0, subscriberCount = 0

2023-05-11 08:42:10,505 INFO [long-pulling] client count 0

2023-05-11 08:42:10,508 INFO toNotifyTaskSize = 0

2023-05-11 08:42:10,514 INFO toClientNotifyTaskSize = 0

2023-05-11 08:42:20,512 INFO groupCount = 7, subscriberClientCount = 0, subscriberCount = 0

2023-05-11 08:42:20,515 INFO toNotifyTaskSize = 0

2023-05-11 08:42:20,520 INFO toClientNotifyTaskSize = 0

2023-05-11 08:42:20,513 INFO [long-pulling] client count 0

2023-05-11 08:42:30,526 INFO [long-pulling] client count 0

2023-05-11 08:42:30,520 INFO groupCount = 7, subscriberClientCount = 0, subscriberCount = 0

2023-05-11 08:42:30,524 INFO toNotifyTaskSize = 0

2023-05-11 08:42:30,531 INFO toClientNotifyTaskSize = 0

2023-05-11 08:42:40,528 INFO [long-pulling] client count 0

2023-05-11 08:42:40,530 INFO groupCount = 7, subscriberClientCount = 0, subscriberCount = 0

2023-05-11 08:42:40,532 INFO toNotifyTaskSize = 0

2023-05-11 08:42:40,537 INFO toClientNotifyTaskSize = 0

2023-05-11 08:42:50,534 INFO [long-pulling] client count 0

2023-05-11 08:42:50,538 INFO toNotifyTaskSize = 0

2023-05-11 08:42:50,544 INFO toClientNotifyTaskSize = 0

2023-05-11 08:42:50,537 INFO groupCount = 7, subscriberClientCount = 0, subscriberCount = 0

2023-05-11 08:43:00,546 INFO [long-pulling] client count 0

2023-05-11 08:43:00,549 INFO groupCount = 7, subscriberClientCount = 0, subscriberCount = 0

2023-05-11 08:43:00,548 INFO toNotifyTaskSize = 0

2023-05-11 08:43:00,552 INFO toClientNotifyTaskSize = 0

2023-05-11 08:43:10,551 INFO [long-pulling] client count 0

2023-05-11 08:43:10,554 INFO toNotifyTaskSize = 0

2023-05-11 08:43:10,564 INFO toClientNotifyTaskSize = 0

2023-05-11 08:43:10,552 INFO groupCount = 7, subscriberClientCount = 0, subscriberCount = 0

2023-05-11 08:43:20,563 INFO [long-pulling] client count 0

2023-05-11 08:43:20,566 INFO groupCount = 7, subscriberClientCount = 0, subscriberCount = 0

2023-05-11 08:43:20,565 INFO toNotifyTaskSize = 0

2023-05-11 08:43:20,572 INFO toClientNotifyTaskSize = 0

2023-05-11 08:43:30,570 INFO [long-pulling] client count 0

2023-05-11 08:43:30,573 INFO toNotifyTaskSize = 0

2023-05-11 08:43:30,580 INFO toClientNotifyTaskSize = 0

2023-05-11 08:43:30,571 INFO groupCount = 7, subscriberClientCount = 0, subscriberCount = 0

2023-05-11 08:43:40,584 INFO groupCount = 7, subscriberClientCount = 0, subscriberCount = 0

2023-05-11 08:43:40,579 INFO [long-pulling] client count 0

2023-05-11 08:43:40,582 INFO toNotifyTaskSize = 0

2023-05-11 08:43:40,592 INFO toClientNotifyTaskSize = 0

2023-05-11 08:43:50,589 INFO groupCount = 7, subscriberClientCount = 0, subscriberCount = 0

2023-05-11 08:43:50,592 INFO toNotifyTaskSize = 0

2023-05-11 08:43:50,598 INFO toClientNotifyTaskSize = 0

2023-05-11 08:43:50,590 INFO [long-pulling] client count 0

2023-05-11 08:44:00,598 INFO groupCount = 7, subscriberClientCount = 0, subscriberCount = 0

2023-05-11 08:44:00,601 INFO [long-pulling] client count 0

2023-05-11 08:44:00,600 INFO toNotifyTaskSize = 0

2023-05-11 08:44:00,611 INFO toClientNotifyTaskSize = 0

2023-05-11 08:44:10,609 INFO groupCount = 7, subscriberClientCount = 0, subscriberCount = 0

2023-05-11 08:44:10,610 INFO [long-pulling] client count 0

2023-05-11 08:44:10,622 INFO toNotifyTaskSize = 0

2023-05-11 08:44:10,623 INFO toClientNotifyTaskSize = 0

2023-05-11 08:44:20,616 INFO groupCount = 7, subscriberClientCount = 0, subscriberCount = 0

2023-05-11 08:44:20,618 INFO [long-pulling] client count 0

2023-05-11 08:44:20,625 INFO toNotifyTaskSize = 0

2023-05-11 08:44:20,627 INFO toClientNotifyTaskSize = 0

2023-05-11 08:44:30,628 INFO toNotifyTaskSize = 0

2023-05-11 08:44:30,625 INFO groupCount = 7, subscriberClientCount = 0, subscriberCount = 0

2023-05-11 08:44:30,629 INFO [long-pulling] client count 0

2023-05-11 08:44:30,632 INFO toClientNotifyTaskSize = 0

2023-05-11 08:44:40,634 INFO [long-pulling] client count 0

2023-05-11 08:44:40,635 INFO toNotifyTaskSize = 0

2023-05-11 08:44:40,642 INFO toClientNotifyTaskSize = 0

2023-05-11 08:44:40,634 INFO groupCount = 7, subscriberClientCount = 0, subscriberCount = 0

2023-05-11 08:44:50,641 INFO [long-pulling] client count 0

2023-05-11 08:44:50,646 INFO groupCount = 7, subscriberClientCount = 0, subscriberCount = 0

2023-05-11 08:44:50,645 INFO toNotifyTaskSize = 0

2023-05-11 08:44:50,649 INFO toClientNotifyTaskSize = 0

2023-05-11 08:45:00,650 INFO groupCount = 7, subscriberClientCount = 0, subscriberCount = 0

2023-05-11 08:45:00,650 INFO toNotifyTaskSize = 0

2023-05-11 08:45:00,657 INFO toClientNotifyTaskSize = 0

2023-05-11 08:45:00,650 INFO [long-pulling] client count 0

2023-05-11 08:45:10,658 INFO groupCount = 7, subscriberClientCount = 0, subscriberCount = 0

2023-05-11 08:45:10,660 INFO [long-pulling] client count 0

2023-05-11 08:45:10,658 INFO toNotifyTaskSize = 0

2023-05-11 08:45:10,667 INFO toClientNotifyTaskSize = 0

2023-05-11 08:45:20,666 INFO [long-pulling] client count 0

2023-05-11 08:45:20,672 INFO toNotifyTaskSize = 0

2023-05-11 08:45:20,666 INFO groupCount = 7, subscriberClientCount = 0, subscriberCount = 0

2023-05-11 08:45:20,679 INFO toClientNotifyTaskSize = 0

2023-05-11 08:45:30,681 INFO toNotifyTaskSize = 0

2023-05-11 08:45:30,691 INFO toClientNotifyTaskSize = 0

2023-05-11 08:45:30,679 INFO [long-pulling] client count 0

2023-05-11 08:45:30,681 INFO groupCount = 7, subscriberClientCount = 0, subscriberCount = 0

2023-05-11 08:45:40,695 INFO groupCount = 7, subscriberClientCount = 0, subscriberCount = 0

2023-05-11 08:45:40,693 INFO toNotifyTaskSize = 0

2023-05-11 08:45:40,703 INFO toClientNotifyTaskSize = 0

2023-05-11 08:45:40,694 INFO [long-pulling] client count 0

2023-05-11 08:45:50,700 INFO groupCount = 7, subscriberClientCount = 0, subscriberCount = 0

2023-05-11 08:45:50,704 INFO [long-pulling] client count 0

2023-05-11 08:45:50,703 INFO toNotifyTaskSize = 0

2023-05-11 08:45:50,707 INFO toClientNotifyTaskSize = 0

2023-05-11 08:46:00,705 INFO groupCount = 7, subscriberClientCount = 0, subscriberCount = 0

2023-05-11 08:46:00,706 INFO [long-pulling] client count 0

2023-05-11 08:46:00,709 INFO toNotifyTaskSize = 0

2023-05-11 08:46:00,711 INFO toClientNotifyTaskSize = 0

2023-05-11 08:46:10,712 INFO toNotifyTaskSize = 0

2023-05-11 08:46:10,716 INFO toClientNotifyTaskSize = 0

2023-05-11 08:46:10,709 INFO groupCount = 7, subscriberClientCount = 0, subscriberCount = 0

2023-05-11 08:46:10,710 INFO [long-pulling] client count 0

2023-05-11 08:46:20,723 INFO toNotifyTaskSize = 0

2023-05-11 08:46:20,731 INFO toClientNotifyTaskSize = 0

2023-05-11 08:46:20,724 INFO [long-pulling] client count 0

2023-05-11 08:46:20,723 INFO groupCount = 7, subscriberClientCount = 0, subscriberCount = 0

2023-05-11 08:46:30,735 INFO toNotifyTaskSize = 0

2023-05-11 08:46:30,738 INFO groupCount = 7, subscriberClientCount = 0, subscriberCount = 0

2023-05-11 08:46:30,737 INFO [long-pulling] client count 0

2023-05-11 08:46:30,744 INFO toClientNotifyTaskSize = 0

2023-05-11 08:46:40,749 INFO toNotifyTaskSize = 0

2023-05-11 08:46:40,755 INFO toClientNotifyTaskSize = 0

2023-05-11 08:46:40,747 INFO groupCount = 7, subscriberClientCount = 0, subscriberCount = 0

2023-05-11 08:46:40,748 INFO [long-pulling] client count 0

2023-05-11 08:46:50,758 INFO toNotifyTaskSize = 0

2023-05-11 08:46:50,764 INFO toClientNotifyTaskSize = 0

2023-05-11 08:46:50,759 INFO [long-pulling] client count 0

2023-05-11 08:46:50,758 INFO groupCount = 7, subscriberClientCount = 0, subscriberCount = 0

2023-05-11 08:47:00,765 INFO toNotifyTaskSize = 0

2023-05-11 08:47:00,772 INFO toClientNotifyTaskSize = 0

2023-05-11 08:47:00,768 INFO groupCount = 7, subscriberClientCount = 0, subscriberCount = 0

2023-05-11 08:47:00,767 INFO [long-pulling] client count 0

2023-05-11 08:47:10,775 INFO toNotifyTaskSize = 0

2023-05-11 08:47:10,784 INFO toClientNotifyTaskSize = 0

2023-05-11 08:47:10,777 INFO [long-pulling] client count 0

2023-05-11 08:47:10,776 INFO groupCount = 7, subscriberClientCount = 0, subscriberCount = 0

2023-05-11 08:47:20,787 INFO toNotifyTaskSize = 0

2023-05-11 08:47:20,793 INFO toClientNotifyTaskSize = 0

2023-05-11 08:47:20,789 INFO groupCount = 7, subscriberClientCount = 0, subscriberCount = 0

2023-05-11 08:47:20,789 INFO [long-pulling] client count 0

2023-05-11 08:47:30,794 INFO toNotifyTaskSize = 0

2023-05-11 08:47:30,796 INFO [long-pulling] client count 0

2023-05-11 08:47:30,795 INFO groupCount = 7, subscriberClientCount = 0, subscriberCount = 0

2023-05-11 08:47:30,813 INFO toClientNotifyTaskSize = 0

2023-05-11 08:47:40,814 INFO [long-pulling] client count 0

2023-05-11 08:47:40,818 INFO toNotifyTaskSize = 0

2023-05-11 08:47:40,817 INFO groupCount = 7, subscriberClientCount = 0, subscriberCount = 0

2023-05-11 08:47:40,828 INFO toClientNotifyTaskSize = 0

2023-05-11 08:47:50,827 INFO [long-pulling] client count 0

2023-05-11 08:47:50,827 INFO toNotifyTaskSize = 0

2023-05-11 08:47:50,834 INFO toClientNotifyTaskSize = 0

2023-05-11 08:47:50,827 INFO groupCount = 7, subscriberClientCount = 0, subscriberCount = 0

2023-05-11 08:48:00,834 INFO [long-pulling] client count 0

2023-05-11 08:48:00,837 INFO groupCount = 7, subscriberClientCount = 0, subscriberCount = 0

2023-05-11 08:48:00,836 INFO toNotifyTaskSize = 0

2023-05-11 08:48:00,846 INFO toClientNotifyTaskSize = 0

2023-05-11 08:48:10,845 INFO [long-pulling] client count 0

2023-05-11 08:48:10,849 INFO toNotifyTaskSize = 0

2023-05-11 08:48:10,854 INFO toClientNotifyTaskSize = 0

2023-05-11 08:48:10,845 INFO groupCount = 7, subscriberClientCount = 0, subscriberCount = 0

2023-05-11 08:48:20,856 INFO [long-pulling] client count 0

2023-05-11 08:48:20,858 INFO toNotifyTaskSize = 0

2023-05-11 08:48:20,858 INFO groupCount = 7, subscriberClientCount = 0, subscriberCount = 0

2023-05-11 08:48:20,869 INFO toClientNotifyTaskSize = 0

2023-05-11 08:48:30,869 INFO [long-pulling] client count 0

2023-05-11 08:48:30,875 INFO groupCount = 7, subscriberClientCount = 0, subscriberCount = 0

2023-05-11 08:48:30,875 INFO toNotifyTaskSize = 0

2023-05-11 08:48:30,883 INFO toClientNotifyTaskSize = 0

2023-05-11 08:48:40,889 INFO toNotifyTaskSize = 0

2023-05-11 08:48:40,881 INFO [long-pulling] client count 0

2023-05-11 08:48:40,882 INFO groupCount = 7, subscriberClientCount = 0, subscriberCount = 0

2023-05-11 08:48:40,896 INFO toClientNotifyTaskSize = 0

2023-05-11 08:48:50,900 INFO [long-pulling] client count 0

2023-05-11 08:48:50,898 INFO groupCount = 7, subscriberClientCount = 0, subscriberCount = 0

2023-05-11 08:48:50,898 INFO toNotifyTaskSize = 0

2023-05-11 08:48:50,906 INFO toClientNotifyTaskSize = 0

2023-05-11 08:49:00,905 INFO [long-pulling] client count 0

2023-05-11 08:49:00,908 INFO toNotifyTaskSize = 0

2023-05-11 08:49:00,905 INFO groupCount = 7, subscriberClientCount = 0, subscriberCount = 0

2023-05-11 08:49:00,920 INFO toClientNotifyTaskSize = 0

2023-05-11 08:49:10,918 INFO [long-pulling] client count 0

2023-05-11 08:49:10,922 INFO toNotifyTaskSize = 0

2023-05-11 08:49:10,922 INFO groupCount = 7, subscriberClientCount = 0, subscriberCount = 0

2023-05-11 08:49:10,942 INFO toClientNotifyTaskSize = 0

2023-05-11 08:49:20,949 INFO [long-pulling] client count 0

2023-05-11 08:49:20,951 INFO toNotifyTaskSize = 0

2023-05-11 08:49:20,958 INFO toClientNotifyTaskSize = 0

2023-05-11 08:49:20,951 INFO groupCount = 7, subscriberClientCount = 0, subscriberCount = 0

2023-05-11 08:49:30,957 INFO [long-pulling] client count 0

2023-05-11 08:49:30,960 INFO groupCount = 7, subscriberClientCount = 0, subscriberCount = 0

2023-05-11 08:49:30,960 INFO toNotifyTaskSize = 0

2023-05-11 08:49:30,966 INFO toClientNotifyTaskSize = 0

2023-05-11 08:49:40,966 INFO [long-pulling] client count 0

2023-05-11 08:49:40,966 INFO toNotifyTaskSize = 0

2023-05-11 08:49:40,971 INFO toClientNotifyTaskSize = 0

2023-05-11 08:49:40,966 INFO groupCount = 7, subscriberClientCount = 0, subscriberCount = 0

2023-05-11 08:49:50,962 INFO [long-pulling] client count 0

2023-05-11 08:49:50,965 INFO groupCount = 7, subscriberClientCount = 0, subscriberCount = 0

2023-05-11 08:49:50,964 INFO toNotifyTaskSize = 0

2023-05-11 08:49:50,974 INFO toClientNotifyTaskSize = 0

2023-05-11 08:50:00,975 INFO toNotifyTaskSize = 0

2023-05-11 08:50:00,975 INFO [long-pulling] client count 0

2023-05-11 08:50:00,975 INFO groupCount = 7, subscriberClientCount = 0, subscriberCount = 0

2023-05-11 08:50:00,984 INFO toClientNotifyTaskSize = 0

2023-05-11 08:50:10,989 INFO [long-pulling] client count 0

2023-05-11 08:50:10,990 INFO toNotifyTaskSize = 0

2023-05-11 08:50:10,989 INFO groupCount = 7, subscriberClientCount = 0, subscriberCount = 0

2023-05-11 08:50:11,000 INFO toClientNotifyTaskSize = 0

2023-05-11 08:50:21,002 INFO [long-pulling] client count 0

2023-05-11 08:50:21,004 INFO toNotifyTaskSize = 0

2023-05-11 08:50:21,012 INFO toClientNotifyTaskSize = 0

2023-05-11 08:50:21,003 INFO groupCount = 7, subscriberClientCount = 0, subscriberCount = 0

2023-05-11 08:50:31,016 INFO toNotifyTaskSize = 0

2023-05-11 08:50:31,020 INFO toClientNotifyTaskSize = 0

2023-05-11 08:50:31,011 INFO [long-pulling] client count 0

2023-05-11 08:50:31,019 INFO groupCount = 7, subscriberClientCount = 0, subscriberCount = 0

2023-05-11 08:50:41,024 INFO toNotifyTaskSize = 0

2023-05-11 08:50:41,024 INFO groupCount = 7, subscriberClientCount = 0, subscriberCount = 0

2023-05-11 08:50:41,024 INFO [long-pulling] client count 0

2023-05-11 08:50:41,029 INFO toClientNotifyTaskSize = 0

2023-05-11 08:50:51,030 INFO groupCount = 7, subscriberClientCount = 0, subscriberCount = 0

2023-05-11 08:50:51,034 INFO toNotifyTaskSize = 0

2023-05-11 08:50:51,032 INFO [long-pulling] client count 0

2023-05-11 08:50:51,042 INFO toClientNotifyTaskSize = 0

2023-05-11 08:51:01,042 INFO groupCount = 7, subscriberClientCount = 0, subscriberCount = 0

2023-05-11 08:51:01,044 INFO toNotifyTaskSize = 0

2023-05-11 08:51:01,051 INFO toClientNotifyTaskSize = 0

2023-05-11 08:51:01,043 INFO [long-pulling] client count 0

2023-05-11 08:51:11,055 INFO [long-pulling] client count 0

2023-05-11 08:51:11,052 INFO groupCount = 7, subscriberClientCount = 0, subscriberCount = 0

2023-05-11 08:51:11,053 INFO toNotifyTaskSize = 0

2023-05-11 08:51:11,061 INFO toClientNotifyTaskSize = 0

2023-05-11 08:51:21,062 INFO [long-pulling] client count 0

2023-05-11 08:51:21,064 INFO toNotifyTaskSize = 0

2023-05-11 08:51:21,072 INFO toClientNotifyTaskSize = 0

2023-05-11 08:51:21,062 INFO groupCount = 7, subscriberClientCount = 0, subscriberCount = 0

2023-05-11 08:51:31,070 INFO [long-pulling] client count 0

2023-05-11 08:51:31,080 INFO groupCount = 7, subscriberClientCount = 0, subscriberCount = 0

2023-05-11 08:51:31,077 INFO toNotifyTaskSize = 0

2023-05-11 08:51:31,090 INFO toClientNotifyTaskSize = 0

2023-05-11 08:51:41,089 INFO groupCount = 7, subscriberClientCount = 0, subscriberCount = 0

2023-05-11 08:51:41,092 INFO toNotifyTaskSize = 0

2023-05-11 08:51:41,097 INFO toClientNotifyTaskSize = 0

2023-05-11 08:51:41,090 INFO [long-pulling] client count 0

2023-05-11 08:51:51,096 INFO groupCount = 7, subscriberClientCount = 0, subscriberCount = 0

2023-05-11 08:51:51,098 INFO toNotifyTaskSize = 0

2023-05-11 08:51:51,099 INFO [long-pulling] client count 0

2023-05-11 08:51:51,105 INFO toClientNotifyTaskSize = 0

2023-05-11 08:52:01,107 INFO [long-pulling] client count 0

2023-05-11 08:52:01,107 INFO toNotifyTaskSize = 0

2023-05-11 08:52:01,117 INFO toClientNotifyTaskSize = 0

2023-05-11 08:52:01,107 INFO groupCount = 7, subscriberClientCount = 0, subscriberCount = 0

2023-05-11 08:52:11,117 INFO [long-pulling] client count 0

2023-05-11 08:52:11,119 INFO groupCount = 7, subscriberClientCount = 0, subscriberCount = 0

2023-05-11 08:52:11,118 INFO toNotifyTaskSize = 0

2023-05-11 08:52:11,127 INFO toClientNotifyTaskSize = 0

2023-05-11 08:52:21,130 INFO [long-pulling] client count 0

2023-05-11 08:52:21,132 INFO toNotifyTaskSize = 0

2023-05-11 08:52:21,138 INFO toClientNotifyTaskSize = 0

2023-05-11 08:52:21,132 INFO groupCount = 7, subscriberClientCount = 0, subscriberCount = 0

2023-05-11 08:52:31,138 INFO [long-pulling] client count 0

2023-05-11 08:52:31,140 INFO toNotifyTaskSize = 0

2023-05-11 08:52:31,140 INFO groupCount = 7, subscriberClientCount = 0, subscriberCount = 0

2023-05-11 08:52:31,153 INFO toClientNotifyTaskSize = 0

2023-05-11 08:52:41,156 INFO toNotifyTaskSize = 0

2023-05-11 08:52:41,155 INFO groupCount = 7, subscriberClientCount = 0, subscriberCount = 0

2023-05-11 08:52:41,152 INFO [long-pulling] client count 0

2023-05-11 08:52:41,159 INFO toClientNotifyTaskSize = 0

2023-05-11 08:52:51,165 INFO [long-pulling] client count 0

2023-05-11 08:52:51,163 INFO groupCount = 7, subscriberClientCount = 0, subscriberCount = 0

2023-05-11 08:52:51,172 INFO toNotifyTaskSize = 0

2023-05-11 08:52:51,175 INFO toClientNotifyTaskSize = 0

2023-05-11 08:53:01,171 INFO [long-pulling] client count 0

2023-05-11 08:53:01,174 INFO groupCount = 7, subscriberClientCount = 0, subscriberCount = 0

2023-05-11 08:53:01,176 INFO toNotifyTaskSize = 0

2023-05-11 08:53:01,182 INFO toClientNotifyTaskSize = 0

2023-05-11 08:53:11,177 INFO [long-pulling] client count 0

2023-05-11 08:53:11,180 INFO groupCount = 7, subscriberClientCount = 0, subscriberCount = 0

2023-05-11 08:53:11,183 INFO toNotifyTaskSize = 0

2023-05-11 08:53:11,188 INFO toClientNotifyTaskSize = 0

2023-05-11 08:53:21,189 INFO [long-pulling] client count 0

2023-05-11 08:53:21,191 INFO toNotifyTaskSize = 0

2023-05-11 08:53:21,199 INFO toClientNotifyTaskSize = 0

2023-05-11 08:53:21,189 INFO groupCount = 7, subscriberClientCount = 0, subscriberCount = 0

2023-05-11 08:53:31,198 INFO [long-pulling] client count 0

2023-05-11 08:53:31,203 INFO groupCount = 7, subscriberClientCount = 0, subscriberCount = 0

2023-05-11 08:53:31,203 INFO toNotifyTaskSize = 0

2023-05-11 08:53:31,211 INFO toClientNotifyTaskSize = 0

2023-05-11 08:53:41,209 INFO [long-pulling] client count 0

2023-05-11 08:53:41,215 INFO toNotifyTaskSize = 0

2023-05-11 08:53:41,214 INFO groupCount = 7, subscriberClientCount = 0, subscriberCount = 0

2023-05-11 08:53:41,225 INFO toClientNotifyTaskSize = 0

2023-05-11 08:53:51,226 INFO [long-pulling] client count 0

2023-05-11 08:53:51,226 INFO toNotifyTaskSize = 0

2023-05-11 08:53:51,237 INFO toClientNotifyTaskSize = 0

2023-05-11 08:53:51,226 INFO groupCount = 7, subscriberClientCount = 0, subscriberCount = 0

2023-05-11 08:54:01,238 INFO [long-pulling] client count 0

2023-05-11 08:54:01,240 INFO groupCount = 7, subscriberClientCount = 0, subscriberCount = 0

2023-05-11 08:54:01,240 INFO toNotifyTaskSize = 0

2023-05-11 08:54:01,248 INFO toClientNotifyTaskSize = 0

2023-05-11 08:54:11,247 INFO [long-pulling] client count 0

2023-05-11 08:54:11,250 INFO toNotifyTaskSize = 0

2023-05-11 08:54:11,254 INFO toClientNotifyTaskSize = 0

2023-05-11 08:54:11,248 INFO groupCount = 7, subscriberClientCount = 0, subscriberCount = 0

2023-05-11 08:54:21,254 INFO [long-pulling] client count 0

2023-05-11 08:54:21,256 INFO toNotifyTaskSize = 0

2023-05-11 08:54:21,258 INFO toClientNotifyTaskSize = 0

2023-05-11 08:54:21,257 INFO groupCount = 7, subscriberClientCount = 0, subscriberCount = 0

2023-05-11 08:54:31,262 INFO groupCount = 7, subscriberClientCount = 0, subscriberCount = 0

2023-05-11 08:54:31,262 INFO [long-pulling] client count 0

2023-05-11 08:54:31,262 INFO toNotifyTaskSize = 0

2023-05-11 08:54:31,278 INFO toClientNotifyTaskSize = 0

2023-05-11 08:54:41,269 INFO groupCount = 7, subscriberClientCount = 0, subscriberCount = 0

2023-05-11 08:54:41,270 INFO [long-pulling] client count 0

2023-05-11 08:54:41,281 INFO toNotifyTaskSize = 0

2023-05-11 08:54:41,282 INFO toClientNotifyTaskSize = 0

2023-05-11 08:54:51,276 INFO groupCount = 7, subscriberClientCount = 0, subscriberCount = 0

2023-05-11 08:54:51,283 INFO toNotifyTaskSize = 0

2023-05-11 08:54:51,285 INFO toClientNotifyTaskSize = 0

2023-05-11 08:54:51,278 INFO [long-pulling] client count 0

2023-05-11 08:55:01,284 INFO groupCount = 7, subscriberClientCount = 0, subscriberCount = 0

2023-05-11 08:55:01,286 INFO toNotifyTaskSize = 0

2023-05-11 08:55:01,289 INFO toClientNotifyTaskSize = 0

2023-05-11 08:55:01,287 INFO [long-pulling] client count 0

2023-05-11 08:55:11,293 INFO [long-pulling] client count 0

2023-05-11 08:55:11,293 INFO toNotifyTaskSize = 0

2023-05-11 08:55:11,293 INFO groupCount = 7, subscriberClientCount = 0, subscriberCount = 0

2023-05-11 08:55:11,301 INFO toClientNotifyTaskSize = 0

2023-05-11 08:55:21,301 INFO [long-pulling] client count 0

2023-05-11 08:55:21,302 INFO toNotifyTaskSize = 0

2023-05-11 08:55:21,311 INFO toClientNotifyTaskSize = 0

2023-05-11 08:55:21,302 INFO groupCount = 7, subscriberClientCount = 0, subscriberCount = 0

2023-05-11 08:55:31,310 INFO [long-pulling] client count 0

2023-05-11 08:55:31,314 INFO groupCount = 7, subscriberClientCount = 0, subscriberCount = 0

2023-05-11 08:55:31,313 INFO toNotifyTaskSize = 0

2023-05-11 08:55:31,318 INFO toClientNotifyTaskSize = 0

2023-05-11 08:55:41,317 INFO [long-pulling] client count 0

2023-05-11 08:55:41,322 INFO toNotifyTaskSize = 0

2023-05-11 08:55:41,329 INFO toClientNotifyTaskSize = 0

2023-05-11 08:55:41,322 INFO groupCount = 7, subscriberClientCount = 0, subscriberCount = 0

2023-05-11 08:55:51,329 INFO [long-pulling] client count 0

2023-05-11 08:55:51,331 INFO groupCount = 7, subscriberClientCount = 0, subscriberCount = 0

2023-05-11 08:55:51,330 INFO toNotifyTaskSize = 0

2023-05-11 08:55:51,340 INFO toClientNotifyTaskSize = 0

2023-05-11 08:56:01,340 INFO [long-pulling] client count 0

2023-05-11 08:56:01,344 INFO toNotifyTaskSize = 0

2023-05-11 08:56:01,352 INFO toClientNotifyTaskSize = 0

2023-05-11 08:56:01,343 INFO groupCount = 7, subscriberClientCount = 0, subscriberCount = 0

2023-05-11 08:56:11,354 INFO [long-pulling] client count 0

2023-05-11 08:56:11,355 INFO groupCount = 7, subscriberClientCount = 0, subscriberCount = 0

2023-05-11 08:56:11,354 INFO toNotifyTaskSize = 0

2023-05-11 08:56:11,370 INFO toClientNotifyTaskSize = 0

2023-05-11 08:56:21,371 INFO groupCount = 7, subscriberClientCount = 0, subscriberCount = 0

2023-05-11 08:56:21,375 INFO [long-pulling] client count 0

2023-05-11 08:56:21,374 INFO toNotifyTaskSize = 0

2023-05-11 08:56:21,383 INFO toClientNotifyTaskSize = 0

2023-05-11 08:56:31,384 INFO toNotifyTaskSize = 0

2023-05-11 08:56:31,390 INFO toClientNotifyTaskSize = 0

2023-05-11 08:56:31,383 INFO groupCount = 7, subscriberClientCount = 0, subscriberCount = 0

2023-05-11 08:56:31,383 INFO [long-pulling] client count 0

2023-05-11 08:56:41,393 INFO toNotifyTaskSize = 0

2023-05-11 08:56:41,402 INFO toClientNotifyTaskSize = 0

2023-05-11 08:56:41,393 INFO [long-pulling] client count 0

2023-05-11 08:56:41,393 INFO groupCount = 7, subscriberClientCount = 0, subscriberCount = 0

2023-05-11 08:56:51,405 INFO toNotifyTaskSize = 0

2023-05-11 08:56:51,408 INFO groupCount = 7, subscriberClientCount = 0, subscriberCount = 0

2023-05-11 08:56:51,407 INFO [long-pulling] client count 0

2023-05-11 08:56:51,411 INFO toClientNotifyTaskSize = 0

2023-05-11 08:57:01,413 INFO groupCount = 7, subscriberClientCount = 0, subscriberCount = 0

2023-05-11 08:57:01,416 INFO toNotifyTaskSize = 0

2023-05-11 08:57:01,424 INFO toClientNotifyTaskSize = 0

2023-05-11 08:57:01,415 INFO [long-pulling] client count 0

2023-05-11 08:57:11,423 INFO groupCount = 7, subscriberClientCount = 0, subscriberCount = 0

2023-05-11 08:57:11,428 INFO [long-pulling] client count 0

2023-05-11 08:57:11,428 INFO toNotifyTaskSize = 0

2023-05-11 08:57:11,434 INFO toClientNotifyTaskSize = 0

2023-05-11 08:57:21,434 INFO groupCount = 7, subscriberClientCount = 0, subscriberCount = 0

2023-05-11 08:57:21,436 INFO toNotifyTaskSize = 0

2023-05-11 08:57:21,449 INFO toClientNotifyTaskSize = 0

2023-05-11 08:57:21,436 INFO [long-pulling] client count 0

2023-05-11 08:57:31,450 INFO groupCount = 7, subscriberClientCount = 0, subscriberCount = 0

2023-05-11 08:57:31,451 INFO [long-pulling] client count 0

2023-05-11 08:57:31,450 INFO toNotifyTaskSize = 0

2023-05-11 08:57:31,464 INFO toClientNotifyTaskSize = 0

2023-05-11 08:57:41,463 INFO groupCount = 7, subscriberClientCount = 0, subscriberCount = 0

2023-05-11 08:57:41,467 INFO toNotifyTaskSize = 0

2023-05-11 08:57:41,472 INFO toClientNotifyTaskSize = 0

2023-05-11 08:57:41,463 INFO [long-pulling] client count 0

2023-05-11 08:57:51,471 INFO groupCount = 7, subscriberClientCount = 0, subscriberCount = 0

2023-05-11 08:57:51,477 INFO [long-pulling] client count 0

2023-05-11 08:57:51,474 INFO toNotifyTaskSize = 0

2023-05-11 08:57:51,481 INFO toClientNotifyTaskSize = 0

2023-05-11 08:58:01,482 INFO [long-pulling] client count 0

2023-05-11 08:58:01,481 INFO groupCount = 7, subscriberClientCount = 0, subscriberCount = 0

2023-05-11 08:58:01,482 INFO toNotifyTaskSize = 0

2023-05-11 08:58:01,487 INFO toClientNotifyTaskSize = 0

2023-05-11 08:58:11,487 INFO [long-pulling] client count 0

2023-05-11 08:58:11,488 INFO toNotifyTaskSize = 0

2023-05-11 08:58:11,488 INFO groupCount = 7, subscriberClientCount = 0, subscriberCount = 0

2023-05-11 08:58:11,499 INFO toClientNotifyTaskSize = 0

2023-05-11 08:58:21,498 INFO [long-pulling] client count 0

2023-05-11 08:58:21,503 INFO toNotifyTaskSize = 0

2023-05-11 08:58:21,502 INFO groupCount = 7, subscriberClientCount = 0, subscriberCount = 0

2023-05-11 08:58:21,509 INFO toClientNotifyTaskSize = 0

2023-05-11 08:58:31,513 INFO [long-pulling] client count 0

2023-05-11 08:58:31,515 INFO toNotifyTaskSize = 0

2023-05-11 08:58:31,521 INFO toClientNotifyTaskSize = 0

2023-05-11 08:58:31,515 INFO groupCount = 7, subscriberClientCount = 0, subscriberCount = 0

2023-05-11 08:58:41,524 INFO [long-pulling] client count 0

2023-05-11 08:58:41,525 INFO groupCount = 7, subscriberClientCount = 0, subscriberCount = 0

2023-05-11 08:58:41,525 INFO toNotifyTaskSize = 0

2023-05-11 08:58:41,530 INFO toClientNotifyTaskSize = 0

2023-05-11 08:58:51,530 INFO groupCount = 7, subscriberClientCount = 0, subscriberCount = 0

2023-05-11 08:58:51,531 INFO [long-pulling] client count 0

2023-05-11 08:58:51,531 INFO toNotifyTaskSize = 0

2023-05-11 08:58:51,538 INFO toClientNotifyTaskSize = 0

2023-05-11 08:59:01,535 INFO groupCount = 7, subscriberClientCount = 0, subscriberCount = 0

2023-05-11 08:59:01,537 INFO [long-pulling] client count 0

2023-05-11 08:59:01,541 INFO toNotifyTaskSize = 0

2023-05-11 08:59:01,547 INFO toClientNotifyTaskSize = 0

2023-05-11 08:59:11,543 INFO groupCount = 7, subscriberClientCount = 0, subscriberCount = 0

2023-05-11 08:59:11,546 INFO [long-pulling] client count 0

2023-05-11 08:59:11,549 INFO toNotifyTaskSize = 0

2023-05-11 08:59:11,555 INFO toClientNotifyTaskSize = 0

2023-05-11 08:59:21,550 INFO groupCount = 7, subscriberClientCount = 0, subscriberCount = 0

2023-05-11 08:59:21,557 INFO toNotifyTaskSize = 0

2023-05-11 08:59:21,555 INFO [long-pulling] client count 0

2023-05-11 08:59:21,561 INFO toClientNotifyTaskSize = 0

2023-05-11 08:59:31,560 INFO groupCount = 7, subscriberClientCount = 0, subscriberCount = 0

2023-05-11 08:59:31,565 INFO toNotifyTaskSize = 0

2023-05-11 08:59:31,574 INFO toClientNotifyTaskSize = 0

2023-05-11 08:59:31,563 INFO [long-pulling] client count 0

2023-05-11 08:59:41,578 INFO groupCount = 7, subscriberClientCount = 0, subscriberCount = 0

2023-05-11 08:59:41,582 INFO [long-pulling] client count 0

2023-05-11 08:59:41,578 INFO toNotifyTaskSize = 0

2023-05-11 08:59:41,602 INFO toClientNotifyTaskSize = 0

2023-05-11 08:59:51,601 INFO [long-pulling] client count 0

2023-05-11 08:59:51,596 INFO groupCount = 7, subscriberClientCount = 0, subscriberCount = 0

2023-05-11 08:59:51,603 INFO toNotifyTaskSize = 0

2023-05-11 08:59:51,604 INFO toClientNotifyTaskSize = 0

2023-05-11 09:00:01,603 INFO [long-pulling] client count 0

2023-05-11 09:00:01,609 INFO toNotifyTaskSize = 0

2023-05-11 09:00:01,603 INFO groupCount = 7, subscriberClientCount = 0, subscriberCount = 0

2023-05-11 09:00:01,612 INFO toClientNotifyTaskSize = 0

2023-05-11 09:00:11,613 INFO [long-pulling] client count 0

2023-05-11 09:00:11,620 INFO toNotifyTaskSize = 0

2023-05-11 09:00:11,626 INFO toClientNotifyTaskSize = 0

2023-05-11 09:00:11,619 INFO groupCount = 7, subscriberClientCount = 0, subscriberCount = 0

2023-05-11 09:00:21,624 INFO [long-pulling] client count 0

2023-05-11 09:00:21,633 INFO toNotifyTaskSize = 0

2023-05-11 09:00:21,633 INFO groupCount = 7, subscriberClientCount = 0, subscriberCount = 0

2023-05-11 09:00:21,635 INFO toClientNotifyTaskSize = 0

2023-05-11 09:00:31,632 INFO [long-pulling] client count 0

2023-05-11 09:00:31,636 INFO toNotifyTaskSize = 0

2023-05-11 09:00:31,636 INFO groupCount = 7, subscriberClientCount = 0, subscriberCount = 0

2023-05-11 09:00:31,645 INFO toClientNotifyTaskSize = 0

2023-05-11 09:00:41,646 INFO groupCount = 7, subscriberClientCount = 0, subscriberCount = 0

2023-05-11 09:00:41,652 INFO toNotifyTaskSize = 0

2023-05-11 09:00:41,649 INFO [long-pulling] client count 0

2023-05-11 09:00:41,663 INFO toClientNotifyTaskSize = 0

2023-05-11 09:00:51,663 INFO groupCount = 7, subscriberClientCount = 0, subscriberCount = 0

2023-05-11 09:00:51,666 INFO toNotifyTaskSize = 0

2023-05-11 09:00:51,665 INFO [long-pulling] client count 0

2023-05-11 09:00:51,680 INFO toClientNotifyTaskSize = 0

2023-05-11 09:01:01,678 INFO groupCount = 7, subscriberClientCount = 0, subscriberCount = 0

2023-05-11 09:01:01,682 INFO [long-pulling] client count 0

2023-05-11 09:01:01,687 INFO toNotifyTaskSize = 0

2023-05-11 09:01:01,691 INFO toClientNotifyTaskSize = 0

2023-05-11 09:01:11,690 INFO groupCount = 7, subscriberClientCount = 0, subscriberCount = 0

2023-05-11 09:01:11,696 INFO toNotifyTaskSize = 0

2023-05-11 09:01:11,699 INFO toClientNotifyTaskSize = 0

2023-05-11 09:01:11,692 INFO [long-pulling] client count 0

2023-05-11 09:01:21,699 INFO groupCount = 7, subscriberClientCount = 0, subscriberCount = 0

2023-05-11 09:01:21,705 INFO [long-pulling] client count 0

2023-05-11 09:01:21,703 INFO toNotifyTaskSize = 0

2023-05-11 09:01:21,713 INFO toClientNotifyTaskSize = 0

2023-05-11 09:01:31,710 INFO groupCount = 7, subscriberClientCount = 0, subscriberCount = 0

2023-05-11 09:01:31,712 INFO [long-pulling] client count 0

2023-05-11 09:01:31,715 INFO toNotifyTaskSize = 0

2023-05-11 09:01:31,723 INFO toClientNotifyTaskSize = 0

2023-05-11 09:01:41,716 INFO groupCount = 7, subscriberClientCount = 0, subscriberCount = 0

2023-05-11 09:01:41,724 INFO toNotifyTaskSize = 0

2023-05-11 09:01:41,723 INFO [long-pulling] client count 0

2023-05-11 09:01:41,738 INFO toClientNotifyTaskSize = 0

2023-05-11 09:01:51,734 INFO groupCount = 7, subscriberClientCount = 0, subscriberCount = 0

2023-05-11 09:01:51,737 INFO toNotifyTaskSize = 0

2023-05-11 09:01:51,736 INFO [long-pulling] client count 0

2023-05-11 09:01:51,745 INFO toClientNotifyTaskSize = 0

2023-05-11 09:02:01,751 INFO groupCount = 7, subscriberClientCount = 0, subscriberCount = 0

2023-05-11 09:02:01,758 INFO [long-pulling] client count 0

2023-05-11 09:02:01,752 INFO toNotifyTaskSize = 0

2023-05-11 09:02:01,765 INFO toClientNotifyTaskSize = 0

2023-05-11 09:02:11,762 INFO groupCount = 7, subscriberClientCount = 0, subscriberCount = 0

2023-05-11 09:02:11,769 INFO toNotifyTaskSize = 0

2023-05-11 09:02:11,777 INFO toClientNotifyTaskSize = 0

2023-05-11 09:02:11,762 INFO [long-pulling] client count 0

2023-05-11 09:02:21,797 INFO [long-pulling] client count 0

2023-05-11 09:02:21,784 INFO groupCount = 7, subscriberClientCount = 0, subscriberCount = 0

2023-05-11 09:02:21,784 INFO toNotifyTaskSize = 0

2023-05-11 09:02:21,802 INFO toClientNotifyTaskSize = 0

2023-05-11 09:02:31,802 INFO [long-pulling] client count 0

2023-05-11 09:02:31,803 INFO toNotifyTaskSize = 0

2023-05-11 09:02:31,803 INFO groupCount = 7, subscriberClientCount = 0, subscriberCount = 0

2023-05-11 09:02:31,817 INFO toClientNotifyTaskSize = 0

2023-05-11 09:02:41,821 INFO toNotifyTaskSize = 0

2023-05-11 09:02:41,834 INFO toClientNotifyTaskSize = 0

2023-05-11 09:02:41,818 INFO [long-pulling] client count 0

2023-05-11 09:02:41,821 INFO groupCount = 7, subscriberClientCount = 0, subscriberCount = 0

2023-05-11 09:02:51,835 INFO toNotifyTaskSize = 0

2023-05-11 09:02:51,837 INFO [long-pulling] client count 0

2023-05-11 09:02:51,837 INFO groupCount = 7, subscriberClientCount = 0, subscriberCount = 0

2023-05-11 09:02:51,851 INFO toClientNotifyTaskSize = 0

2023-05-11 09:03:01,853 INFO [long-pulling] client count 0

2023-05-11 09:03:01,854 INFO toNotifyTaskSize = 0

2023-05-11 09:03:01,887 INFO toClientNotifyTaskSize = 0

2023-05-11 09:03:01,854 INFO groupCount = 7, subscriberClientCount = 0, subscriberCount = 0

2023-05-11 09:03:11,879 INFO [long-pulling] client count 0

2023-05-11 09:03:11,894 INFO toNotifyTaskSize = 0

2023-05-11 09:03:11,894 INFO groupCount = 7, subscriberClientCount = 0, subscriberCount = 0

2023-05-11 09:03:11,895 INFO toClientNotifyTaskSize = 0

2023-05-11 09:03:21,877 INFO [long-pulling] client count 0

2023-05-11 09:03:21,893 INFO groupCount = 7, subscriberClientCount = 0, subscriberCount = 0

2023-05-11 09:03:21,893 INFO toNotifyTaskSize = 0

2023-05-11 09:03:21,898 INFO toClientNotifyTaskSize = 0

2023-05-11 09:03:31,894 INFO groupCount = 7, subscriberClientCount = 0, subscriberCount = 0

2023-05-11 09:03:31,884 INFO [long-pulling] client count 0

2023-05-11 09:03:31,900 INFO toNotifyTaskSize = 0

2023-05-11 09:03:31,902 INFO toClientNotifyTaskSize = 0

2023-05-11 09:03:41,896 INFO groupCount = 7, subscriberClientCount = 0, subscriberCount = 0

2023-05-11 09:03:41,897 INFO [long-pulling] client count 0

2023-05-11 09:03:41,904 INFO toNotifyTaskSize = 0

2023-05-11 09:03:41,915 INFO toClientNotifyTaskSize = 0

2023-05-11 09:03:51,904 INFO groupCount = 7, subscriberClientCount = 0, subscriberCount = 0

2023-05-11 09:03:51,904 INFO [long-pulling] client count 0

2023-05-11 09:03:51,916 INFO toNotifyTaskSize = 0

2023-05-11 09:03:51,922 INFO toClientNotifyTaskSize = 0

2023-05-11 09:04:01,928 INFO groupCount = 7, subscriberClientCount = 0, subscriberCount = 0

2023-05-11 09:04:01,929 INFO toNotifyTaskSize = 0

2023-05-11 09:04:01,929 INFO [long-pulling] client count 0

2023-05-11 09:04:01,933 INFO toClientNotifyTaskSize = 0

2023-05-11 09:04:11,934 INFO groupCount = 7, subscriberClientCount = 0, subscriberCount = 0

2023-05-11 09:04:11,934 INFO toNotifyTaskSize = 0

2023-05-11 09:04:11,965 INFO toClientNotifyTaskSize = 0

2023-05-11 09:04:11,934 INFO [long-pulling] client count 0

2023-05-11 09:04:21,956 INFO groupCount = 7, subscriberClientCount = 0, subscriberCount = 0

2023-05-11 09:04:21,968 INFO toNotifyTaskSize = 0

2023-05-11 09:04:21,969 INFO [long-pulling] client count 0

2023-05-11 09:04:21,974 INFO toClientNotifyTaskSize = 0

2023-05-11 09:04:31,967 INFO groupCount = 7, subscriberClientCount = 0, subscriberCount = 0

2023-05-11 09:04:31,975 INFO [long-pulling] client count 0

2023-05-11 09:04:31,975 INFO toNotifyTaskSize = 0

2023-05-11 09:04:31,977 INFO toClientNotifyTaskSize = 0

2023-05-11 09:04:41,974 INFO groupCount = 7, subscriberClientCount = 0, subscriberCount = 0

2023-05-11 09:04:41,983 INFO [long-pulling] client count 0

2023-05-11 09:04:41,982 INFO toNotifyTaskSize = 0

2023-05-11 09:04:41,991 INFO toClientNotifyTaskSize = 0

2023-05-11 09:04:51,998 INFO groupCount = 7, subscriberClientCount = 0, subscriberCount = 0

2023-05-11 09:04:51,999 INFO [long-pulling] client count 0

2023-05-11 09:04:51,998 INFO toNotifyTaskSize = 0

2023-05-11 09:04:52,009 INFO toClientNotifyTaskSize = 0

2023-05-11 09:05:02,009 INFO [long-pulling] client count 0

2023-05-11 09:05:02,010 INFO toNotifyTaskSize = 0

2023-05-11 09:05:02,018 INFO toClientNotifyTaskSize = 0

2023-05-11 09:05:02,010 INFO groupCount = 7, subscriberClientCount = 0, subscriberCount = 0

2023-05-11 09:05:12,017 INFO [long-pulling] client count 0

2023-05-11 09:05:12,024 INFO groupCount = 7, subscriberClientCount = 0, subscriberCount = 0

2023-05-11 09:05:12,024 INFO toNotifyTaskSize = 0

2023-05-11 09:05:12,034 INFO toClientNotifyTaskSize = 0

2023-05-11 09:05:22,034 INFO [long-pulling] client count 0

2023-05-11 09:05:22,035 INFO groupCount = 7, subscriberClientCount = 0, subscriberCount = 0

2023-05-11 09:05:22,035 INFO toNotifyTaskSize = 0

2023-05-11 09:05:22,043 INFO toClientNotifyTaskSize = 0

2023-05-11 09:05:32,040 INFO [long-pulling] client count 0

2023-05-11 09:05:32,045 INFO toNotifyTaskSize = 0

2023-05-11 09:05:32,052 INFO toClientNotifyTaskSize = 0

2023-05-11 09:05:32,043 INFO groupCount = 7, subscriberClientCount = 0, subscriberCount = 0

2023-05-11 09:05:42,052 INFO [long-pulling] client count 0

2023-05-11 09:05:42,054 INFO toNotifyTaskSize = 0

2023-05-11 09:05:42,055 INFO toClientNotifyTaskSize = 0

2023-05-11 09:05:42,055 INFO groupCount = 7, subscriberClientCount = 0, subscriberCount = 0

2023-05-11 09:05:52,054 INFO [long-pulling] client count 0

2023-05-11 09:05:52,058 INFO groupCount = 7, subscriberClientCount = 0, subscriberCount = 0

2023-05-11 09:05:52,058 INFO toNotifyTaskSize = 0

2023-05-11 09:05:52,070 INFO toClientNotifyTaskSize = 0

2023-05-11 09:06:02,070 INFO [long-pulling] client count 0

2023-05-11 09:06:02,071 INFO toNotifyTaskSize = 0

2023-05-11 09:06:02,088 INFO toClientNotifyTaskSize = 0

2023-05-11 09:06:02,071 INFO groupCount = 7, subscriberClientCount = 0, subscriberCount = 0

2023-05-11 09:06:12,088 INFO [long-pulling] client count 0

2023-05-11 09:06:12,091 INFO groupCount = 7, subscriberClientCount = 0, subscriberCount = 0

2023-05-11 09:06:12,090 INFO toNotifyTaskSize = 0

2023-05-11 09:06:12,105 INFO toClientNotifyTaskSize = 0

2023-05-11 09:06:22,099 INFO [long-pulling] client count 0

2023-05-11 09:06:22,101 INFO groupCount = 7, subscriberClientCount = 0, subscriberCount = 0

2023-05-11 09:06:22,108 INFO toNotifyTaskSize = 0

2023-05-11 09:06:22,109 INFO toClientNotifyTaskSize = 0

2023-05-11 09:06:32,123 INFO toNotifyTaskSize = 0

2023-05-11 09:06:32,115 INFO [long-pulling] client count 0

2023-05-11 09:06:32,117 INFO groupCount = 7, subscriberClientCount = 0, subscriberCount = 0

2023-05-11 09:06:32,134 INFO toClientNotifyTaskSize = 0

2023-05-11 09:06:42,141 INFO [long-pulling] client count 0

2023-05-11 09:06:42,143 INFO toNotifyTaskSize = 0

2023-05-11 09:06:42,141 INFO groupCount = 7, subscriberClientCount = 0, subscriberCount = 0

2023-05-11 09:06:42,155 INFO toClientNotifyTaskSize = 0

2023-05-11 09:06:52,160 INFO toNotifyTaskSize = 0

2023-05-11 09:06:52,177 INFO toClientNotifyTaskSize = 0

2023-05-11 09:06:52,159 INFO groupCount = 7, subscriberClientCount = 0, subscriberCount = 0

2023-05-11 09:06:52,159 INFO [long-pulling] client count 0

2023-05-11 09:07:02,184 INFO toNotifyTaskSize = 0

2023-05-11 09:07:02,184 INFO [long-pulling] client count 0

2023-05-11 09:07:02,184 INFO groupCount = 7, subscriberClientCount = 0, subscriberCount = 0

2023-05-11 09:07:02,194 INFO toClientNotifyTaskSize = 0

2023-05-11 09:07:12,202 INFO [long-pulling] client count 0

2023-05-11 09:07:12,203 INFO toNotifyTaskSize = 0

2023-05-11 09:07:12,219 INFO toClientNotifyTaskSize = 0

2023-05-11 09:07:12,203 INFO groupCount = 7, subscriberClientCount = 0, subscriberCount = 0

2023-05-11 09:07:22,212 INFO [long-pulling] client count 0

2023-05-11 09:07:22,218 INFO groupCount = 7, subscriberClientCount = 0, subscriberCount = 0

2023-05-11 09:07:22,217 INFO toNotifyTaskSize = 0

2023-05-11 09:07:22,233 INFO toClientNotifyTaskSize = 0

2023-05-11 09:07:32,235 INFO toNotifyTaskSize = 0

2023-05-11 09:07:32,239 INFO toClientNotifyTaskSize = 0

2023-05-11 09:07:32,228 INFO [long-pulling] client count 0

2023-05-11 09:07:32,233 INFO groupCount = 7, subscriberClientCount = 0, subscriberCount = 0

2023-05-11 09:07:42,242 INFO toNotifyTaskSize = 0

2023-05-11 09:07:42,251 INFO toClientNotifyTaskSize = 0

2023-05-11 09:07:42,244 INFO [long-pulling] client count 0

2023-05-11 09:07:42,244 INFO groupCount = 7, subscriberClientCount = 0, subscriberCount = 0

2023-05-11 09:07:52,259 INFO groupCount = 7, subscriberClientCount = 0, subscriberCount = 0

2023-05-11 09:07:52,255 INFO toNotifyTaskSize = 0

2023-05-11 09:07:52,258 INFO [long-pulling] client count 0

2023-05-11 09:07:52,270 INFO toClientNotifyTaskSize = 0

2023-05-11 09:08:02,280 INFO toNotifyTaskSize = 0

2023-05-11 09:08:02,282 INFO toClientNotifyTaskSize = 0

2023-05-11 09:08:02,271 INFO groupCount = 7, subscriberClientCount = 0, subscriberCount = 0

2023-05-11 09:08:02,272 INFO [long-pulling] client count 0

2023-05-11 09:08:12,290 INFO [long-pulling] client count 0

2023-05-11 09:08:12,287 INFO toNotifyTaskSize = 0

2023-05-11 09:08:12,288 INFO groupCount = 7, subscriberClientCount = 0, subscriberCount = 0

2023-05-11 09:08:12,299 INFO toClientNotifyTaskSize = 0

2023-05-11 09:08:22,300 INFO [long-pulling] client count 0

2023-05-11 09:08:22,304 INFO toNotifyTaskSize = 0

2023-05-11 09:08:22,301 INFO groupCount = 7, subscriberClientCount = 0, subscriberCount = 0

2023-05-11 09:08:22,309 INFO toClientNotifyTaskSize = 0

2023-05-11 09:08:32,308 INFO [long-pulling] client count 0

2023-05-11 09:08:32,317 INFO groupCount = 7, subscriberClientCount = 0, subscriberCount = 0

2023-05-11 09:08:32,317 INFO toNotifyTaskSize = 0

2023-05-11 09:08:32,326 INFO toClientNotifyTaskSize = 0

2023-05-11 09:08:42,320 INFO [long-pulling] client count 0

2023-05-11 09:08:42,328 INFO toNotifyTaskSize = 0

2023-05-11 09:08:42,325 INFO groupCount = 7, subscriberClientCount = 0, subscriberCount = 0

2023-05-11 09:08:42,335 INFO toClientNotifyTaskSize = 0

2023-05-11 09:08:52,338 INFO groupCount = 7, subscriberClientCount = 0, subscriberCount = 0

2023-05-11 09:08:52,341 INFO [long-pulling] client count 0

2023-05-11 09:08:52,339 INFO toNotifyTaskSize = 0

2023-05-11 09:08:52,352 INFO toClientNotifyTaskSize = 0

2023-05-11 09:09:02,352 INFO groupCount = 7, subscriberClientCount = 0, subscriberCount = 0

2023-05-11 09:09:02,355 INFO toNotifyTaskSize = 0

2023-05-11 09:09:02,353 INFO [long-pulling] client count 0

2023-05-11 09:09:02,359 INFO toClientNotifyTaskSize = 0

2023-05-11 09:09:12,364 INFO toNotifyTaskSize = 0

2023-05-11 09:09:12,358 INFO groupCount = 7, subscriberClientCount = 0, subscriberCount = 0

2023-05-11 09:09:12,364 INFO [long-pulling] client count 0

2023-05-11 09:09:12,373 INFO toClientNotifyTaskSize = 0

2023-05-11 09:09:22,383 INFO groupCount = 7, subscriberClientCount = 0, subscriberCount = 0

2023-05-11 09:09:22,386 INFO [long-pulling] client count 0

2023-05-11 09:09:22,384 INFO toNotifyTaskSize = 0

2023-05-11 09:09:22,398 INFO toClientNotifyTaskSize = 0

2023-05-11 09:09:32,400 INFO toNotifyTaskSize = 0

2023-05-11 09:09:32,412 INFO toClientNotifyTaskSize = 0

2023-05-11 09:09:32,394 INFO groupCount = 7, subscriberClientCount = 0, subscriberCount = 0

2023-05-11 09:09:32,398 INFO [long-pulling] client count 0

2023-05-11 09:09:42,417 INFO [long-pulling] client count 0

2023-05-11 09:09:42,416 INFO toNotifyTaskSize = 0

2023-05-11 09:09:42,416 INFO groupCount = 7, subscriberClientCount = 0, subscriberCount = 0

2023-05-11 09:09:42,422 INFO toClientNotifyTaskSize = 0

2023-05-11 09:09:54,905 INFO [long-pulling] client count 0

2023-05-11 09:09:54,907 INFO toNotifyTaskSize = 0

2023-05-11 09:09:54,914 INFO toClientNotifyTaskSize = 0

2023-05-11 09:09:54,907 INFO groupCount = 7, subscriberClientCount = 0, subscriberCount = 0

2023-05-11 09:10:04,916 INFO [long-pulling] client count 0

2023-05-11 09:10:04,920 INFO groupCount = 7, subscriberClientCount = 0, subscriberCount = 0

2023-05-11 09:10:04,919 INFO toNotifyTaskSize = 0

2023-05-11 09:10:04,926 INFO toClientNotifyTaskSize = 0

2023-05-11 09:10:14,924 INFO [long-pulling] client count 0

2023-05-11 09:10:14,928 INFO toNotifyTaskSize = 0

2023-05-11 09:10:14,935 INFO toClientNotifyTaskSize = 0

2023-05-11 09:10:14,925 INFO groupCount = 7, subscriberClientCount = 0, subscriberCount = 0

2023-05-11 09:10:24,948 INFO [long-pulling] client count 0

2023-05-11 09:10:24,950 INFO groupCount = 7, subscriberClientCount = 0, subscriberCount = 0

2023-05-11 09:10:24,949 INFO toNotifyTaskSize = 0

2023-05-11 09:10:24,957 INFO toClientNotifyTaskSize = 0

2023-05-11 09:10:34,959 INFO toNotifyTaskSize = 0

2023-05-11 09:10:34,956 INFO [long-pulling] client count 0

2023-05-11 09:10:34,956 INFO groupCount = 7, subscriberClientCount = 0, subscriberCount = 0

2023-05-11 09:10:34,965 INFO toClientNotifyTaskSize = 0

2023-05-11 09:10:44,974 INFO toNotifyTaskSize = 0

2023-05-11 09:10:44,999 INFO toClientNotifyTaskSize = 0

2023-05-11 09:10:44,968 INFO [long-pulling] client count 0

2023-05-11 09:10:44,973 INFO groupCount = 7, subscriberClientCount = 0, subscriberCount = 0

2023-05-11 09:13:34,478 INFO toNotifyTaskSize = 0

2023-05-11 09:13:34,492 INFO toClientNotifyTaskSize = 0

2023-05-11 09:13:34,479 INFO groupCount = 7, subscriberClientCount = 0, subscriberCount = 0

2023-05-11 09:13:34,479 INFO [long-pulling] client count 0

2023-05-11 09:13:44,494 INFO toNotifyTaskSize = 0

2023-05-11 09:13:44,504 INFO toClientNotifyTaskSize = 0

2023-05-11 09:13:44,497 INFO [long-pulling] client count 0

2023-05-11 09:13:44,494 INFO groupCount = 7, subscriberClientCount = 0, subscriberCount = 0

2023-05-11 09:13:54,508 INFO toNotifyTaskSize = 0

2023-05-11 09:13:54,520 INFO toClientNotifyTaskSize = 0

2023-05-11 09:13:54,510 INFO groupCount = 7, subscriberClientCount = 0, subscriberCount = 0

2023-05-11 09:13:54,509 INFO [long-pulling] client count 0

2023-05-11 09:14:04,524 INFO [long-pulling] client count 0

2023-05-11 09:14:04,525 INFO groupCount = 7, subscriberClientCount = 0, subscriberCount = 0

2023-05-11 09:14:04,525 INFO toNotifyTaskSize = 0

2023-05-11 09:14:04,535 INFO toClientNotifyTaskSize = 0

2023-05-11 09:14:14,532 INFO [long-pulling] client count 0

2023-05-11 09:14:14,537 INFO toNotifyTaskSize = 0

2023-05-11 09:14:14,545 INFO toClientNotifyTaskSize = 0

2023-05-11 09:14:14,534 INFO groupCount = 7, subscriberClientCount = 0, subscriberCount = 0

2023-05-11 09:14:24,543 INFO [long-pulling] client count 0

2023-05-11 09:14:24,546 INFO toNotifyTaskSize = 0

2023-05-11 09:14:24,553 INFO toClientNotifyTaskSize = 0

2023-05-11 09:14:24,550 INFO groupCount = 7, subscriberClientCount = 0, subscriberCount = 0

2023-05-11 09:14:34,549 INFO [long-pulling] client count 0

2023-05-11 09:14:34,553 INFO toNotifyTaskSize = 0

2023-05-11 09:14:34,554 INFO toClientNotifyTaskSize = 0

2023-05-11 09:14:34,554 INFO groupCount = 7, subscriberClientCount = 0, subscriberCount = 0

2023-05-11 09:14:44,553 INFO [long-pulling] client count 0

2023-05-11 09:14:44,556 INFO groupCount = 7, subscriberClientCount = 0, subscriberCount = 0

2023-05-11 09:14:44,555 INFO toNotifyTaskSize = 0

2023-05-11 09:14:44,564 INFO toClientNotifyTaskSize = 0

2023-05-11 09:14:54,562 INFO [long-pulling] client count 0

2023-05-11 09:14:54,563 INFO groupCount = 7, subscriberClientCount = 0, subscriberCount = 0

2023-05-11 09:14:54,566 INFO toNotifyTaskSize = 0

2023-05-11 09:14:54,568 INFO toClientNotifyTaskSize = 0

2023-05-11 09:15:04,567 INFO [long-pulling] client count 0

2023-05-11 09:15:04,568 INFO groupCount = 7, subscriberClientCount = 0, subscriberCount = 0

2023-05-11 09:15:04,572 INFO toNotifyTaskSize = 0

2023-05-11 09:15:04,575 INFO toClientNotifyTaskSize = 0

2023-05-11 09:15:14,577 INFO toNotifyTaskSize = 0

2023-05-11 09:15:14,578 INFO toClientNotifyTaskSize = 0

2023-05-11 09:15:14,572 INFO [long-pulling] client count 0

2023-05-11 09:15:14,574 INFO groupCount = 7, subscriberClientCount = 0, subscriberCount = 0

2023-05-11 09:15:24,581 INFO toNotifyTaskSize = 0

2023-05-11 09:15:24,584 INFO toClientNotifyTaskSize = 0

2023-05-11 09:15:24,582 INFO groupCount = 7, subscriberClientCount = 0, subscriberCount = 0

2023-05-11 09:15:24,581 INFO [long-pulling] client count 0

2023-05-11 09:15:34,585 INFO toNotifyTaskSize = 0

2023-05-11 09:15:34,598 INFO toClientNotifyTaskSize = 0

2023-05-11 09:15:34,586 INFO [long-pulling] client count 0

2023-05-11 09:15:34,585 INFO groupCount = 7, subscriberClientCount = 0, subscriberCount = 0

2023-05-11 09:15:44,601 INFO toNotifyTaskSize = 0

2023-05-11 09:15:44,610 INFO toClientNotifyTaskSize = 0

2023-05-11 09:15:44,605 INFO groupCount = 7, subscriberClientCount = 0, subscriberCount = 0

2023-05-11 09:15:44,602 INFO [long-pulling] client count 0

2023-05-11 09:15:54,615 INFO [long-pulling] client count 0

2023-05-11 09:15:54,616 INFO groupCount = 7, subscriberClientCount = 0, subscriberCount = 0

2023-05-11 09:15:54,616 INFO toNotifyTaskSize = 0

2023-05-11 09:15:54,628 INFO toClientNotifyTaskSize = 0

2023-05-11 09:16:04,629 INFO toNotifyTaskSize = 0

2023-05-11 09:16:04,627 INFO [long-pulling] client count 0

2023-05-11 09:16:04,628 INFO groupCount = 7, subscriberClientCount = 0, subscriberCount = 0

2023-05-11 09:16:04,634 INFO toClientNotifyTaskSize = 0

2023-05-11 09:16:14,635 INFO [long-pulling] client count 0

2023-05-11 09:16:14,640 INFO toNotifyTaskSize = 0

2023-05-11 09:16:14,636 INFO groupCount = 7, subscriberClientCount = 0, subscriberCount = 0

2023-05-11 09:16:14,649 INFO toClientNotifyTaskSize = 0

2023-05-11 09:16:24,651 INFO groupCount = 7, subscriberClientCount = 0, subscriberCount = 0

2023-05-11 09:16:24,648 INFO [long-pulling] client count 0

2023-05-11 09:16:24,652 INFO toNotifyTaskSize = 0

2023-05-11 09:16:24,654 INFO toClientNotifyTaskSize = 0

2023-05-11 09:16:34,653 INFO [long-pulling] client count 0

2023-05-11 09:16:34,654 INFO toNotifyTaskSize = 0

2023-05-11 09:16:34,653 INFO groupCount = 7, subscriberClientCount = 0, subscriberCount = 0

2023-05-11 09:16:34,661 INFO toClientNotifyTaskSize = 0

2023-05-11 09:16:44,665 INFO [long-pulling] client count 0

2023-05-11 09:16:44,664 INFO groupCount = 7, subscriberClientCount = 0, subscriberCount = 0

2023-05-11 09:16:44,664 INFO toNotifyTaskSize = 0

2023-05-11 09:16:44,672 INFO toClientNotifyTaskSize = 0

2023-05-11 09:16:54,670 INFO [long-pulling] client count 0

2023-05-11 09:16:54,673 INFO toNotifyTaskSize = 0

2023-05-11 09:16:54,676 INFO toClientNotifyTaskSize = 0

2023-05-11 09:16:54,672 INFO groupCount = 7, subscriberClientCount = 0, subscriberCount = 0

2023-05-11 09:17:04,680 INFO [long-pulling] client count 0

2023-05-11 09:17:04,682 INFO groupCount = 7, subscriberClientCount = 0, subscriberCount = 0

2023-05-11 09:17:04,680 INFO toNotifyTaskSize = 0

2023-05-11 09:17:04,699 INFO toClientNotifyTaskSize = 0

2023-05-11 09:17:14,693 INFO [long-pulling] client count 0

2023-05-11 09:17:14,693 INFO groupCount = 7, subscriberClientCount = 0, subscriberCount = 0

2023-05-11 09:17:14,705 INFO toNotifyTaskSize = 0

2023-05-11 09:17:14,706 INFO toClientNotifyTaskSize = 0

2023-05-11 09:17:24,703 INFO [long-pulling] client count 0

2023-05-11 09:17:24,707 INFO toNotifyTaskSize = 0

2023-05-11 09:17:24,712 INFO toClientNotifyTaskSize = 0

2023-05-11 09:17:24,705 INFO groupCount = 7, subscriberClientCount = 0, subscriberCount = 0

2023-05-11 09:17:34,714 INFO [long-pulling] client count 0

2023-05-11 09:17:34,714 INFO groupCount = 7, subscriberClientCount = 0, subscriberCount = 0

2023-05-11 09:17:34,714 INFO toNotifyTaskSize = 0

2023-05-11 09:17:34,730 INFO toClientNotifyTaskSize = 0

2023-05-11 09:17:44,731 INFO toNotifyTaskSize = 0

2023-05-11 09:17:44,733 INFO toClientNotifyTaskSize = 0

2023-05-11 09:17:44,728 INFO [long-pulling] client count 0

2023-05-11 09:17:44,729 INFO groupCount = 7, subscriberClientCount = 0, subscriberCount = 0

2023-05-11 09:17:54,736 INFO toNotifyTaskSize = 0

2023-05-11 09:17:54,738 INFO groupCount = 7, subscriberClientCount = 0, subscriberCount = 0

2023-05-11 09:17:54,738 INFO [long-pulling] client count 0

2023-05-11 09:17:54,748 INFO toClientNotifyTaskSize = 0

2023-05-11 09:18:04,754 INFO groupCount = 7, subscriberClientCount = 0, subscriberCount = 0

2023-05-11 09:18:04,754 INFO toNotifyTaskSize = 0

2023-05-11 09:18:04,763 INFO toClientNotifyTaskSize = 0

2023-05-11 09:18:04,754 INFO [long-pulling] client count 0

2023-05-11 09:18:14,761 INFO groupCount = 7, subscriberClientCount = 0, subscriberCount = 0

2023-05-11 09:18:14,765 INFO [long-pulling] client count 0

2023-05-11 09:18:14,764 INFO toNotifyTaskSize = 0

2023-05-11 09:18:14,771 INFO toClientNotifyTaskSize = 0

2023-05-11 09:18:24,770 INFO [long-pulling] client count 0

2023-05-11 09:18:24,772 INFO toNotifyTaskSize = 0

2023-05-11 09:18:24,771 INFO groupCount = 7, subscriberClientCount = 0, subscriberCount = 0

2023-05-11 09:18:24,781 INFO toClientNotifyTaskSize = 0

2023-05-11 09:18:34,779 INFO [long-pulling] client count 0

2023-05-11 09:18:34,785 INFO toNotifyTaskSize = 0

2023-05-11 09:18:34,781 INFO groupCount = 7, subscriberClientCount = 0, subscriberCount = 0

2023-05-11 09:18:34,791 INFO toClientNotifyTaskSize = 0

2023-05-11 09:18:44,790 INFO [long-pulling] client count 0

2023-05-11 09:18:44,792 INFO toNotifyTaskSize = 0

2023-05-11 09:18:44,795 INFO toClientNotifyTaskSize = 0

2023-05-11 09:18:44,792 INFO groupCount = 7, subscriberClientCount = 0, subscriberCount = 0

2023-05-11 09:18:54,795 INFO [long-pulling] client count 0

2023-05-11 09:18:54,797 INFO groupCount = 7, subscriberClientCount = 0, subscriberCount = 0

2023-05-11 09:18:54,796 INFO toNotifyTaskSize = 0

2023-05-11 09:18:54,805 INFO toClientNotifyTaskSize = 0

2023-05-11 09:19:04,804 INFO [long-pulling] client count 0

2023-05-11 09:19:04,805 INFO groupCount = 7, subscriberClientCount = 0, subscriberCount = 0

2023-05-11 09:19:04,808 INFO toNotifyTaskSize = 0

2023-05-11 09:19:04,811 INFO toClientNotifyTaskSize = 0

2023-05-11 09:19:14,810 INFO [long-pulling] client count 0

2023-05-11 09:19:14,812 INFO toNotifyTaskSize = 0

2023-05-11 09:19:14,817 INFO toClientNotifyTaskSize = 0

2023-05-11 09:19:14,811 INFO groupCount = 7, subscriberClientCount = 0, subscriberCount = 0

2023-05-11 09:19:24,819 INFO toNotifyTaskSize = 0

2023-05-11 09:19:24,828 INFO toClientNotifyTaskSize = 0

2023-05-11 09:19:24,820 INFO groupCount = 7, subscriberClientCount = 0, subscriberCount = 0

2023-05-11 09:19:24,819 INFO [long-pulling] client count 0

2023-05-11 09:19:34,830 INFO [long-pulling] client count 0

2023-05-11 09:19:34,832 INFO groupCount = 7, subscriberClientCount = 0, subscriberCount = 0

2023-05-11 09:19:34,834 INFO toNotifyTaskSize = 0

2023-05-11 09:19:34,844 INFO toClientNotifyTaskSize = 0

2023-05-11 09:19:44,841 INFO [long-pulling] client count 0

2023-05-11 09:19:44,845 INFO toNotifyTaskSize = 0

2023-05-11 09:19:44,854 INFO toClientNotifyTaskSize = 0

2023-05-11 09:19:44,844 INFO groupCount = 7, subscriberClientCount = 0, subscriberCount = 0

2023-05-11 09:19:54,853 INFO [long-pulling] client count 0

2023-05-11 09:19:54,855 INFO toNotifyTaskSize = 0

2023-05-11 09:19:54,860 INFO toClientNotifyTaskSize = 0

2023-05-11 09:19:54,856 INFO groupCount = 7, subscriberClientCount = 0, subscriberCount = 0

2023-05-11 09:20:04,860 INFO [long-pulling] client count 0

2023-05-11 09:20:04,865 INFO groupCount = 7, subscriberClientCount = 0, subscriberCount = 0

2023-05-11 09:20:04,862 INFO toNotifyTaskSize = 0

2023-05-11 09:20:04,871 INFO toClientNotifyTaskSize = 0

2023-05-11 09:20:14,869 INFO [long-pulling] client count 0

2023-05-11 09:20:14,876 INFO toNotifyTaskSize = 0

2023-05-11 09:20:14,886 INFO toClientNotifyTaskSize = 0

2023-05-11 09:20:14,870 INFO groupCount = 7, subscriberClientCount = 0, subscriberCount = 0

2023-05-11 09:20:24,887 INFO [long-pulling] client count 0

2023-05-11 09:20:24,889 INFO groupCount = 7, subscriberClientCount = 0, subscriberCount = 0

2023-05-11 09:20:24,888 INFO toNotifyTaskSize = 0

2023-05-11 09:20:24,896 INFO toClientNotifyTaskSize = 0

2023-05-11 09:20:34,894 INFO [long-pulling] client count 0

2023-05-11 09:20:34,898 INFO toNotifyTaskSize = 0

2023-05-11 09:20:34,897 INFO groupCount = 7, subscriberClientCount = 0, subscriberCount = 0

2023-05-11 09:20:34,907 INFO toClientNotifyTaskSize = 0

2023-05-11 09:20:44,904 INFO [long-pulling] client count 0

2023-05-11 09:20:44,908 INFO groupCount = 7, subscriberClientCount = 0, subscriberCount = 0

2023-05-11 09:20:44,909 INFO toNotifyTaskSize = 0

2023-05-11 09:20:44,909 INFO toClientNotifyTaskSize = 0

2023-05-11 09:20:54,908 INFO [long-pulling] client count 0

2023-05-11 09:20:54,911 INFO toNotifyTaskSize = 0

2023-05-11 09:20:54,909 INFO groupCount = 7, subscriberClientCount = 0, subscriberCount = 0

2023-05-11 09:20:54,917 INFO toClientNotifyTaskSize = 0

2023-05-11 09:21:04,907 INFO [long-pulling] client count 0

2023-05-11 09:21:04,912 INFO toNotifyTaskSize = 0

2023-05-11 09:21:04,916 INFO toClientNotifyTaskSize = 0

2023-05-11 09:21:04,912 INFO groupCount = 7, subscriberClientCount = 0, subscriberCount = 0

2023-05-11 09:21:14,916 INFO [long-pulling] client count 0

2023-05-11 09:21:14,919 INFO groupCount = 7, subscriberClientCount = 0, subscriberCount = 0

2023-05-11 09:21:14,919 INFO toNotifyTaskSize = 0

2023-05-11 09:21:14,929 INFO toClientNotifyTaskSize = 0

2023-05-11 09:21:24,927 INFO [long-pulling] client count 0

2023-05-11 09:21:24,933 INFO toNotifyTaskSize = 0

2023-05-11 09:21:24,928 INFO groupCount = 7, subscriberClientCount = 0, subscriberCount = 0

2023-05-11 09:21:24,951 INFO toClientNotifyTaskSize = 0

2023-05-11 09:21:34,960 INFO [long-pulling] client count 0

2023-05-11 09:21:34,963 INFO toNotifyTaskSize = 0

2023-05-11 09:21:34,962 INFO groupCount = 7, subscriberClientCount = 0, subscriberCount = 0

2023-05-11 09:21:34,969 INFO toClientNotifyTaskSize = 0

2023-05-11 09:21:44,967 INFO [long-pulling] client count 0

2023-05-11 09:21:44,972 INFO toNotifyTaskSize = 0

2023-05-11 09:21:44,975 INFO toClientNotifyTaskSize = 0

2023-05-11 09:21:44,971 INFO groupCount = 7, subscriberClientCount = 0, subscriberCount = 0

2023-05-11 09:21:54,975 INFO [long-pulling] client count 0

2023-05-11 09:21:54,980 INFO groupCount = 7, subscriberClientCount = 0, subscriberCount = 0

2023-05-11 09:21:54,978 INFO toNotifyTaskSize = 0

2023-05-11 09:21:54,985 INFO toClientNotifyTaskSize = 0

2023-05-11 09:22:04,983 INFO [long-pulling] client count 0

2023-05-11 09:22:04,987 INFO toNotifyTaskSize = 0

2023-05-11 09:22:04,985 INFO groupCount = 7, subscriberClientCount = 0, subscriberCount = 0

2023-05-11 09:22:05,004 INFO toClientNotifyTaskSize = 0

2023-05-11 09:22:15,005 INFO [long-pulling] client count 0

2023-05-11 09:22:15,006 INFO toNotifyTaskSize = 0

2023-05-11 09:22:15,010 INFO toClientNotifyTaskSize = 0

2023-05-11 09:22:15,005 INFO groupCount = 7, subscriberClientCount = 0, subscriberCount = 0

2023-05-11 09:22:25,010 INFO [long-pulling] client count 0

2023-05-11 09:22:25,013 INFO groupCount = 7, subscriberClientCount = 0, subscriberCount = 0

2023-05-11 09:22:25,012 INFO toNotifyTaskSize = 0

2023-05-11 09:22:25,019 INFO toClientNotifyTaskSize = 0

2023-05-11 09:22:35,015 INFO [long-pulling] client count 0

2023-05-11 09:22:35,017 INFO toNotifyTaskSize = 0

2023-05-11 09:22:35,020 INFO toClientNotifyTaskSize = 0

2023-05-11 09:22:35,015 INFO groupCount = 7, subscriberClientCount = 0, subscriberCount = 0

2023-05-11 09:22:45,025 INFO [long-pulling] client count 0

2023-05-11 09:22:45,027 INFO groupCount = 7, subscriberClientCount = 0, subscriberCount = 0

2023-05-11 09:22:45,026 INFO toNotifyTaskSize = 0

2023-05-11 09:22:45,037 INFO toClientNotifyTaskSize = 0

2023-05-11 09:22:55,039 INFO toNotifyTaskSize = 0

2023-05-11 09:22:55,041 INFO toClientNotifyTaskSize = 0

2023-05-11 09:22:55,036 INFO [long-pulling] client count 0

2023-05-11 09:22:55,037 INFO groupCount = 7, subscriberClientCount = 0, subscriberCount = 0

2023-05-11 09:23:05,047 INFO [long-pulling] client count 0

2023-05-11 09:23:05,048 INFO groupCount = 7, subscriberClientCount = 0, subscriberCount = 0

2023-05-11 09:23:05,047 INFO toNotifyTaskSize = 0

2023-05-11 09:23:05,053 INFO toClientNotifyTaskSize = 0

2023-05-11 09:23:15,054 INFO groupCount = 7, subscriberClientCount = 0, subscriberCount = 0

2023-05-11 09:23:15,055 INFO [long-pulling] client count 0

2023-05-11 09:23:15,054 INFO toNotifyTaskSize = 0

2023-05-11 09:23:15,063 INFO toClientNotifyTaskSize = 0

2023-05-11 09:23:25,061 INFO groupCount = 7, subscriberClientCount = 0, subscriberCount = 0

2023-05-11 09:23:25,065 INFO toNotifyTaskSize = 0

2023-05-11 09:23:25,070 INFO toClientNotifyTaskSize = 0

2023-05-11 09:23:25,063 INFO [long-pulling] client count 0

2023-05-11 09:23:35,075 INFO [long-pulling] client count 0

2023-05-11 09:23:35,075 INFO toNotifyTaskSize = 0

2023-05-11 09:23:35,082 INFO toClientNotifyTaskSize = 0

2023-05-11 09:23:35,075 INFO groupCount = 7, subscriberClientCount = 0, subscriberCount = 0

2023-05-11 09:23:45,081 INFO [long-pulling] client count 0

2023-05-11 09:23:45,083 INFO toNotifyTaskSize = 0

2023-05-11 09:23:45,085 INFO groupCount = 7, subscriberClientCount = 0, subscriberCount = 0

2023-05-11 09:23:45,086 INFO toClientNotifyTaskSize = 0

2023-05-11 09:23:55,084 INFO [long-pulling] client count 0

2023-05-11 09:23:55,089 INFO toNotifyTaskSize = 0

2023-05-11 09:23:55,096 INFO toClientNotifyTaskSize = 0

2023-05-11 09:23:55,088 INFO groupCount = 7, subscriberClientCount = 0, subscriberCount = 0

2023-05-11 09:24:05,095 INFO [long-pulling] client count 0

2023-05-11 09:24:05,099 INFO groupCount = 7, subscriberClientCount = 0, subscriberCount = 0

2023-05-11 09:24:05,097 INFO toNotifyTaskSize = 0

2023-05-11 09:24:05,111 INFO toClientNotifyTaskSize = 0

2023-05-11 09:24:15,107 INFO [long-pulling] client count 0

2023-05-11 09:24:15,113 INFO toNotifyTaskSize = 0

2023-05-11 09:24:15,120 INFO toClientNotifyTaskSize = 0

2023-05-11 09:24:15,111 INFO groupCount = 7, subscriberClientCount = 0, subscriberCount = 0

2023-05-11 09:24:25,121 INFO [long-pulling] client count 0

2023-05-11 09:24:25,124 INFO groupCount = 7, subscriberClientCount = 0, subscriberCount = 0

2023-05-11 09:24:25,122 INFO toNotifyTaskSize = 0

2023-05-11 09:24:25,134 INFO toClientNotifyTaskSize = 0

2023-05-11 09:24:35,134 INFO toNotifyTaskSize = 0

2023-05-11 09:24:35,136 INFO toClientNotifyTaskSize = 0

2023-05-11 09:24:35,132 INFO [long-pulling] client count 0

2023-05-11 09:24:35,133 INFO groupCount = 7, subscriberClientCount = 0, subscriberCount = 0

2023-05-11 09:24:45,138 INFO toNotifyTaskSize = 0

2023-05-11 09:24:45,146 INFO toClientNotifyTaskSize = 0

2023-05-11 09:24:45,144 INFO groupCount = 7, subscriberClientCount = 0, subscriberCount = 0

2023-05-11 09:24:45,140 INFO [long-pulling] client count 0

2023-05-11 09:24:55,152 INFO groupCount = 7, subscriberClientCount = 0, subscriberCount = 0

2023-05-11 09:24:55,151 INFO [long-pulling] client count 0

2023-05-11 09:24:55,152 INFO toNotifyTaskSize = 0

2023-05-11 09:24:55,162 INFO toClientNotifyTaskSize = 0

2023-05-11 09:25:05,164 INFO [long-pulling] client count 0

2023-05-11 09:25:05,166 INFO toNotifyTaskSize = 0

2023-05-11 09:25:05,174 INFO toClientNotifyTaskSize = 0

2023-05-11 09:25:05,165 INFO groupCount = 7, subscriberClientCount = 0, subscriberCount = 0

2023-05-11 09:25:15,174 INFO [long-pulling] client count 0

2023-05-11 09:25:15,177 INFO groupCount = 7, subscriberClientCount = 0, subscriberCount = 0

2023-05-11 09:25:15,176 INFO toNotifyTaskSize = 0

2023-05-11 09:25:15,179 INFO toClientNotifyTaskSize = 0

2023-05-11 09:25:25,180 INFO toNotifyTaskSize = 0

2023-05-11 09:25:25,187 INFO toClientNotifyTaskSize = 0

2023-05-11 09:25:25,179 INFO groupCount = 7, subscriberClientCount = 0, subscriberCount = 0

2023-05-11 09:25:25,180 INFO [long-pulling] client count 0

2023-05-11 09:25:35,192 INFO [long-pulling] client count 0

2023-05-11 09:25:35,192 INFO groupCount = 7, subscriberClientCount = 0, subscriberCount = 0

2023-05-11 09:25:35,192 INFO toNotifyTaskSize = 0

2023-05-11 09:25:35,205 INFO toClientNotifyTaskSize = 0

2023-05-11 09:25:45,203 INFO [long-pulling] client count 0

2023-05-11 09:25:45,207 INFO toNotifyTaskSize = 0

2023-05-11 09:25:45,212 INFO toClientNotifyTaskSize = 0

2023-05-11 09:25:45,204 INFO groupCount = 7, subscriberClientCount = 0, subscriberCount = 0

2023-05-11 09:25:55,215 INFO groupCount = 7, subscriberClientCount = 0, subscriberCount = 0

2023-05-11 09:25:55,212 INFO [long-pulling] client count 0

2023-05-11 09:25:55,215 INFO toNotifyTaskSize = 0

2023-05-11 09:25:55,226 INFO toClientNotifyTaskSize = 0

2023-05-11 09:26:05,222 INFO groupCount = 7, subscriberClientCount = 0, subscriberCount = 0

2023-05-11 09:26:05,225 INFO [long-pulling] client count 0

2023-05-11 09:26:05,227 INFO toNotifyTaskSize = 0

2023-05-11 09:26:05,230 INFO toClientNotifyTaskSize = 0

2023-05-11 09:26:15,233 INFO toNotifyTaskSize = 0

2023-05-11 09:26:15,240 INFO toClientNotifyTaskSize = 0

2023-05-11 09:26:15,228 INFO groupCount = 7, subscriberClientCount = 0, subscriberCount = 0

2023-05-11 09:26:15,232 INFO [long-pulling] client count 0

2023-05-11 09:26:25,244 INFO toNotifyTaskSize = 0

2023-05-11 09:26:25,245 INFO [long-pulling] client count 0

2023-05-11 09:26:25,244 INFO groupCount = 7, subscriberClientCount = 0, subscriberCount = 0

2023-05-11 09:26:25,250 INFO toClientNotifyTaskSize = 0

2023-05-11 09:26:35,252 INFO [long-pulling] client count 0

2023-05-11 09:26:35,253 INFO groupCount = 7, subscriberClientCount = 0, subscriberCount = 0

2023-05-11 09:26:35,253 INFO toNotifyTaskSize = 0

2023-05-11 09:26:35,266 INFO toClientNotifyTaskSize = 0

2023-05-11 09:26:45,266 INFO [long-pulling] client count 0

2023-05-11 09:26:45,267 INFO toNotifyTaskSize = 0

2023-05-11 09:26:45,276 INFO toClientNotifyTaskSize = 0

2023-05-11 09:26:45,267 INFO groupCount = 7, subscriberClientCount = 0, subscriberCount = 0

2023-05-11 09:26:55,276 INFO [long-pulling] client count 0

2023-05-11 09:26:55,278 INFO groupCount = 7, subscriberClientCount = 0, subscriberCount = 0

2023-05-11 09:26:55,277 INFO toNotifyTaskSize = 0

2023-05-11 09:26:55,284 INFO toClientNotifyTaskSize = 0

