2023-05-09 21:44:47,863 INFO raft peers changed: [Member{ip='9cad74038c00', port=8848, state=UP, extendInfo={raftPort=7848, version=2.0.3}}]

2023-05-09 21:44:47,877 INFO initializing Raft sub-system

2023-05-09 21:44:47,878 INFO finish loading all datums, size: 0 cost 1 ms.

2023-05-09 21:44:47,878 INFO cache loaded, datum count: 0, current term: 0

2023-05-09 21:44:47,878 INFO finish to load data from disk, cost: 1 ms.

2023-05-09 21:44:47,880 INFO timer started: leader timeout ms: 15000, heart-beat timeout ms: 5000

2023-05-09 21:44:47,932 INFO add listener: com.alibaba.nacos.naming.domains.meta.

2023-05-09 21:44:48,175 INFO add listener: com.alibaba.nacos.naming.domains.meta.00-00---000-NACOS_SWITCH_DOMAIN-000---00-00

2023-05-09 21:44:51,400 INFO leader timeout, start voting,leader: {"ip":"9cad74038c00:8848","term":0,"leaderDueMs":15075,"heartbeatDueMs":5000,"state":"FOLLOWER"}, term: 0

2023-05-09 21:44:52,879 WARN start to close old raft protocol!!!

2023-05-09 21:44:52,879 WARN stop old raft protocol task for notifier

2023-05-09 21:44:52,880 WARN stop old raft protocol task for master task

2023-05-09 21:44:52,880 WARN stop old raft protocol task for heartbeat task

2023-05-09 21:44:52,880 WARN clean old cache datum for old raft

2023-05-09 21:44:52,880 WARN start to close old raft protocol!!!

2023-05-09 21:44:52,880 WARN stop old raft protocol task for notifier

2023-05-09 21:44:52,880 WARN stop old raft protocol task for master task

2023-05-09 21:44:52,880 WARN stop old raft protocol task for heartbeat task

2023-05-09 21:44:52,880 WARN clean old cache datum for old raft

2023-05-09 21:44:52,880 WARN start to move old raft protocol metadata

2023-05-09 21:44:52,882 WARN start to move old raft protocol metadata

