2023-05-11 02:27:09,616 INFO PERFORMANCE:|0|0|0|-1|-1|45|0

2023-05-11 02:27:09,635 INFO Task worker status: 
naming_0%8, pending tasks: 0
naming_1%8, pending tasks: 0
naming_2%8, pending tasks: 0
naming_3%8, pending tasks: 0
naming_4%8, pending tasks: 0
naming_5%8, pending tasks: 0
naming_6%8, pending tasks: 0
naming_7%8, pending tasks: 0


2023-05-11 02:27:09,637 INFO DISTRO:|0|0|0|0|0|

2023-05-11 04:15:50,243 INFO PERFORMANCE:|0|0|0|-1|-1|45|0

2023-05-11 04:15:50,251 INFO Task worker status: 
naming_0%8, pending tasks: 0
naming_1%8, pending tasks: 0
naming_2%8, pending tasks: 0
naming_3%8, pending tasks: 0
naming_4%8, pending tasks: 0
naming_5%8, pending tasks: 0
naming_6%8, pending tasks: 0
naming_7%8, pending tasks: 0


2023-05-11 04:15:50,254 INFO DISTRO:|0|0|0|0|0|

2023-05-11 05:24:10,899 INFO PERFORMANCE:|0|0|0|-1|-1|45|0

2023-05-11 05:24:10,905 INFO Task worker status: 
naming_0%8, pending tasks: 0
naming_1%8, pending tasks: 0
naming_2%8, pending tasks: 0
naming_3%8, pending tasks: 0
naming_4%8, pending tasks: 0
naming_5%8, pending tasks: 0
naming_6%8, pending tasks: 0
naming_7%8, pending tasks: 0


2023-05-11 05:24:10,907 INFO DISTRO:|0|0|0|0|0|

2023-05-11 06:02:00,721 INFO PERFORMANCE:|0|0|0|-1|-1|45|0

2023-05-11 06:02:00,733 INFO Task worker status: 
naming_0%8, pending tasks: 0
naming_1%8, pending tasks: 0
naming_2%8, pending tasks: 0
naming_3%8, pending tasks: 0
naming_4%8, pending tasks: 0
naming_5%8, pending tasks: 0
naming_6%8, pending tasks: 0
naming_7%8, pending tasks: 0


2023-05-11 06:02:00,734 INFO DISTRO:|0|0|0|0|0|

2023-05-11 08:12:09,271 INFO PERFORMANCE:|0|0|0|-1|-1|45|0

2023-05-11 08:12:09,276 INFO Task worker status: 
naming_0%8, pending tasks: 0
naming_1%8, pending tasks: 0
naming_2%8, pending tasks: 0
naming_3%8, pending tasks: 0
naming_4%8, pending tasks: 0
naming_5%8, pending tasks: 0
naming_6%8, pending tasks: 0
naming_7%8, pending tasks: 0


2023-05-11 08:12:09,279 INFO DISTRO:|0|0|0|0|0|

2023-05-11 08:24:55,944 INFO PERFORMANCE:|0|0|0|-1|-1|45|0

2023-05-11 08:24:55,949 INFO Task worker status: 
naming_0%8, pending tasks: 0
naming_1%8, pending tasks: 0
naming_2%8, pending tasks: 0
naming_3%8, pending tasks: 0
naming_4%8, pending tasks: 0
naming_5%8, pending tasks: 0
naming_6%8, pending tasks: 0
naming_7%8, pending tasks: 0


2023-05-11 08:24:55,950 INFO DISTRO:|0|0|0|0|0|

2023-05-11 08:29:28,203 INFO PERFORMANCE:|0|0|0|-1|-1|45|0

2023-05-11 08:29:28,210 INFO Task worker status: 
naming_0%8, pending tasks: 0
naming_1%8, pending tasks: 0
naming_2%8, pending tasks: 0
naming_3%8, pending tasks: 0
naming_4%8, pending tasks: 0
naming_5%8, pending tasks: 0
naming_6%8, pending tasks: 0
naming_7%8, pending tasks: 0


2023-05-11 08:29:28,213 INFO DISTRO:|0|0|0|0|0|

2023-05-11 08:31:08,812 INFO PERFORMANCE:|0|0|0|-1|-1|45|0

2023-05-11 08:31:08,818 INFO Task worker status: 
naming_0%8, pending tasks: 0
naming_1%8, pending tasks: 0
naming_2%8, pending tasks: 0
naming_3%8, pending tasks: 0
naming_4%8, pending tasks: 0
naming_5%8, pending tasks: 0
naming_6%8, pending tasks: 0
naming_7%8, pending tasks: 0


2023-05-11 08:31:08,820 INFO DISTRO:|0|0|0|0|0|

2023-05-11 08:36:51,836 INFO PERFORMANCE:|serviceCount|ipCount|subscribeCount|maxPushCost|avgPushCost|totalPushCount|failPushCount

2023-05-11 08:36:51,842 INFO DISTRO:|V1SyncDone|V1SyncFail|V2SyncDone|V2SyncFail|V2VerifyFail|

2023-05-11 08:36:51,844 INFO PERFORMANCE:|0|0|0|-1|-1|45|0

2023-05-11 08:36:51,845 INFO Task worker status: 
naming_0%8, pending tasks: 0
naming_1%8, pending tasks: 0
naming_2%8, pending tasks: 0
naming_3%8, pending tasks: 0
naming_4%8, pending tasks: 0
naming_5%8, pending tasks: 0
naming_6%8, pending tasks: 0
naming_7%8, pending tasks: 0


2023-05-11 08:36:51,847 INFO DISTRO:|0|0|0|0|0|

2023-05-11 08:37:51,822 INFO PERFORMANCE:|0|0|0|-1|-1|45|0

2023-05-11 08:37:51,832 INFO Task worker status: 
naming_0%8, pending tasks: 0
naming_1%8, pending tasks: 0
naming_2%8, pending tasks: 0
naming_3%8, pending tasks: 0
naming_4%8, pending tasks: 0
naming_5%8, pending tasks: 0
naming_6%8, pending tasks: 0
naming_7%8, pending tasks: 0


2023-05-11 08:37:51,835 INFO DISTRO:|0|0|0|0|0|

2023-05-11 08:38:51,838 INFO PERFORMANCE:|0|0|0|-1|-1|45|0

2023-05-11 08:38:51,854 INFO Task worker status: 
naming_0%8, pending tasks: 0
naming_1%8, pending tasks: 0
naming_2%8, pending tasks: 0
naming_3%8, pending tasks: 0
naming_4%8, pending tasks: 0
naming_5%8, pending tasks: 0
naming_6%8, pending tasks: 0
naming_7%8, pending tasks: 0


2023-05-11 08:38:51,858 INFO DISTRO:|0|0|0|0|0|

2023-05-11 08:39:51,862 INFO PERFORMANCE:|0|0|0|-1|-1|45|0

2023-05-11 08:39:51,890 INFO Task worker status: 
naming_0%8, pending tasks: 0
naming_1%8, pending tasks: 0
naming_2%8, pending tasks: 0
naming_3%8, pending tasks: 0
naming_4%8, pending tasks: 0
naming_5%8, pending tasks: 0
naming_6%8, pending tasks: 0
naming_7%8, pending tasks: 0


2023-05-11 08:39:51,891 INFO DISTRO:|0|0|0|0|0|

2023-05-11 08:40:51,893 INFO PERFORMANCE:|0|0|0|-1|-1|45|0

2023-05-11 08:40:51,901 INFO Task worker status: 
naming_0%8, pending tasks: 0
naming_1%8, pending tasks: 0
naming_2%8, pending tasks: 0
naming_3%8, pending tasks: 0
naming_4%8, pending tasks: 0
naming_5%8, pending tasks: 0
naming_6%8, pending tasks: 0
naming_7%8, pending tasks: 0


2023-05-11 08:40:51,905 INFO DISTRO:|0|0|0|0|0|

2023-05-11 08:41:51,907 INFO PERFORMANCE:|0|0|0|-1|-1|45|0

2023-05-11 08:41:51,912 INFO Task worker status: 
naming_0%8, pending tasks: 0
naming_1%8, pending tasks: 0
naming_2%8, pending tasks: 0
naming_3%8, pending tasks: 0
naming_4%8, pending tasks: 0
naming_5%8, pending tasks: 0
naming_6%8, pending tasks: 0
naming_7%8, pending tasks: 0


2023-05-11 08:41:51,913 INFO DISTRO:|0|0|0|0|0|

2023-05-11 08:42:51,917 INFO PERFORMANCE:|0|0|0|-1|-1|45|0

2023-05-11 08:42:51,926 INFO Task worker status: 
naming_0%8, pending tasks: 0
naming_1%8, pending tasks: 0
naming_2%8, pending tasks: 0
naming_3%8, pending tasks: 0
naming_4%8, pending tasks: 0
naming_5%8, pending tasks: 0
naming_6%8, pending tasks: 0
naming_7%8, pending tasks: 0


2023-05-11 08:42:51,930 INFO DISTRO:|0|0|0|0|0|

2023-05-11 08:43:51,930 INFO PERFORMANCE:|0|0|0|-1|-1|45|0

2023-05-11 08:43:51,932 INFO Task worker status: 
naming_0%8, pending tasks: 0
naming_1%8, pending tasks: 0
naming_2%8, pending tasks: 0
naming_3%8, pending tasks: 0
naming_4%8, pending tasks: 0
naming_5%8, pending tasks: 0
naming_6%8, pending tasks: 0
naming_7%8, pending tasks: 0


2023-05-11 08:43:51,933 INFO DISTRO:|0|0|0|0|0|

2023-05-11 08:44:51,940 INFO PERFORMANCE:|0|0|0|-1|-1|45|0

2023-05-11 08:44:51,956 INFO Task worker status: 
naming_0%8, pending tasks: 0
naming_1%8, pending tasks: 0
naming_2%8, pending tasks: 0
naming_3%8, pending tasks: 0
naming_4%8, pending tasks: 0
naming_5%8, pending tasks: 0
naming_6%8, pending tasks: 0
naming_7%8, pending tasks: 0


2023-05-11 08:44:51,958 INFO DISTRO:|0|0|0|0|0|

2023-05-11 08:45:51,957 INFO PERFORMANCE:|0|0|0|-1|-1|45|0

2023-05-11 08:45:51,964 INFO Task worker status: 
naming_0%8, pending tasks: 0
naming_1%8, pending tasks: 0
naming_2%8, pending tasks: 0
naming_3%8, pending tasks: 0
naming_4%8, pending tasks: 0
naming_5%8, pending tasks: 0
naming_6%8, pending tasks: 0
naming_7%8, pending tasks: 0


2023-05-11 08:45:51,965 INFO DISTRO:|0|0|0|0|0|

2023-05-11 08:46:51,974 INFO PERFORMANCE:|serviceCount|ipCount|subscribeCount|maxPushCost|avgPushCost|totalPushCount|failPushCount

2023-05-11 08:46:51,982 INFO DISTRO:|V1SyncDone|V1SyncFail|V2SyncDone|V2SyncFail|V2VerifyFail|

2023-05-11 08:46:51,985 INFO PERFORMANCE:|0|0|0|-1|-1|45|0

2023-05-11 08:46:51,986 INFO Task worker status: 
naming_0%8, pending tasks: 0
naming_1%8, pending tasks: 0
naming_2%8, pending tasks: 0
naming_3%8, pending tasks: 0
naming_4%8, pending tasks: 0
naming_5%8, pending tasks: 0
naming_6%8, pending tasks: 0
naming_7%8, pending tasks: 0


2023-05-11 08:46:51,990 INFO DISTRO:|0|0|0|0|0|

2023-05-11 08:47:51,990 INFO PERFORMANCE:|0|0|0|-1|-1|45|0

2023-05-11 08:47:52,000 INFO Task worker status: 
naming_0%8, pending tasks: 0
naming_1%8, pending tasks: 0
naming_2%8, pending tasks: 0
naming_3%8, pending tasks: 0
naming_4%8, pending tasks: 0
naming_5%8, pending tasks: 0
naming_6%8, pending tasks: 0
naming_7%8, pending tasks: 0


2023-05-11 08:47:52,003 INFO DISTRO:|0|0|0|0|0|

2023-05-11 08:48:52,007 INFO PERFORMANCE:|0|0|0|-1|-1|45|0

2023-05-11 08:48:52,012 INFO Task worker status: 
naming_0%8, pending tasks: 0
naming_1%8, pending tasks: 0
naming_2%8, pending tasks: 0
naming_3%8, pending tasks: 0
naming_4%8, pending tasks: 0
naming_5%8, pending tasks: 0
naming_6%8, pending tasks: 0
naming_7%8, pending tasks: 0


2023-05-11 08:48:52,015 INFO DISTRO:|0|0|0|0|0|

2023-05-11 08:49:52,015 INFO PERFORMANCE:|0|0|0|-1|-1|45|0

2023-05-11 08:49:52,022 INFO Task worker status: 
naming_0%8, pending tasks: 0
naming_1%8, pending tasks: 0
naming_2%8, pending tasks: 0
naming_3%8, pending tasks: 0
naming_4%8, pending tasks: 0
naming_5%8, pending tasks: 0
naming_6%8, pending tasks: 0
naming_7%8, pending tasks: 0


2023-05-11 08:49:52,024 INFO DISTRO:|0|0|0|0|0|

2023-05-11 08:50:52,029 INFO PERFORMANCE:|0|0|0|-1|-1|45|0

2023-05-11 08:50:52,038 INFO Task worker status: 
naming_0%8, pending tasks: 0
naming_1%8, pending tasks: 0
naming_2%8, pending tasks: 0
naming_3%8, pending tasks: 0
naming_4%8, pending tasks: 0
naming_5%8, pending tasks: 0
naming_6%8, pending tasks: 0
naming_7%8, pending tasks: 0


2023-05-11 08:50:52,042 INFO DISTRO:|0|0|0|0|0|

2023-05-11 08:51:52,045 INFO PERFORMANCE:|0|0|0|-1|-1|45|0

2023-05-11 08:51:52,050 INFO Task worker status: 
naming_0%8, pending tasks: 0
naming_1%8, pending tasks: 0
naming_2%8, pending tasks: 0
naming_3%8, pending tasks: 0
naming_4%8, pending tasks: 0
naming_5%8, pending tasks: 0
naming_6%8, pending tasks: 0
naming_7%8, pending tasks: 0


2023-05-11 08:51:52,052 INFO DISTRO:|0|0|0|0|0|

2023-05-11 08:52:52,056 INFO PERFORMANCE:|0|0|0|-1|-1|45|0

2023-05-11 08:52:52,071 INFO Task worker status: 
naming_0%8, pending tasks: 0
naming_1%8, pending tasks: 0
naming_2%8, pending tasks: 0
naming_3%8, pending tasks: 0
naming_4%8, pending tasks: 0
naming_5%8, pending tasks: 0
naming_6%8, pending tasks: 0
naming_7%8, pending tasks: 0


2023-05-11 08:52:52,073 INFO DISTRO:|0|0|0|0|0|

2023-05-11 08:53:52,074 INFO PERFORMANCE:|0|0|0|-1|-1|45|0

2023-05-11 08:53:52,081 INFO Task worker status: 
naming_0%8, pending tasks: 0
naming_1%8, pending tasks: 0
naming_2%8, pending tasks: 0
naming_3%8, pending tasks: 0
naming_4%8, pending tasks: 0
naming_5%8, pending tasks: 0
naming_6%8, pending tasks: 0
naming_7%8, pending tasks: 0


2023-05-11 08:53:52,088 INFO DISTRO:|0|0|0|0|0|

2023-05-11 08:54:52,109 INFO PERFORMANCE:|0|0|0|-1|-1|45|0

2023-05-11 08:54:52,111 INFO Task worker status: 
naming_0%8, pending tasks: 0
naming_1%8, pending tasks: 0
naming_2%8, pending tasks: 0
naming_3%8, pending tasks: 0
naming_4%8, pending tasks: 0
naming_5%8, pending tasks: 0
naming_6%8, pending tasks: 0
naming_7%8, pending tasks: 0


2023-05-11 08:54:52,112 INFO DISTRO:|0|0|0|0|0|

2023-05-11 08:55:52,117 INFO PERFORMANCE:|0|0|0|-1|-1|45|0

2023-05-11 08:55:52,125 INFO Task worker status: 
naming_0%8, pending tasks: 0
naming_1%8, pending tasks: 0
naming_2%8, pending tasks: 0
naming_3%8, pending tasks: 0
naming_4%8, pending tasks: 0
naming_5%8, pending tasks: 0
naming_6%8, pending tasks: 0
naming_7%8, pending tasks: 0


2023-05-11 08:55:52,126 INFO DISTRO:|0|0|0|0|0|

2023-05-11 08:56:52,131 INFO PERFORMANCE:|serviceCount|ipCount|subscribeCount|maxPushCost|avgPushCost|totalPushCount|failPushCount

2023-05-11 08:56:52,142 INFO DISTRO:|V1SyncDone|V1SyncFail|V2SyncDone|V2SyncFail|V2VerifyFail|

2023-05-11 08:56:52,143 INFO PERFORMANCE:|0|0|0|-1|-1|45|0

2023-05-11 08:56:52,143 INFO Task worker status: 
naming_0%8, pending tasks: 0
naming_1%8, pending tasks: 0
naming_2%8, pending tasks: 0
naming_3%8, pending tasks: 0
naming_4%8, pending tasks: 0
naming_5%8, pending tasks: 0
naming_6%8, pending tasks: 0
naming_7%8, pending tasks: 0


2023-05-11 08:56:52,146 INFO DISTRO:|0|0|0|0|0|

2023-05-11 08:57:52,150 INFO PERFORMANCE:|0|0|0|-1|-1|45|0

2023-05-11 08:57:52,158 INFO Task worker status: 
naming_0%8, pending tasks: 0
naming_1%8, pending tasks: 0
naming_2%8, pending tasks: 0
naming_3%8, pending tasks: 0
naming_4%8, pending tasks: 0
naming_5%8, pending tasks: 0
naming_6%8, pending tasks: 0
naming_7%8, pending tasks: 0


2023-05-11 08:57:52,161 INFO DISTRO:|0|0|0|0|0|

2023-05-11 08:58:52,162 INFO PERFORMANCE:|0|0|0|-1|-1|45|0

2023-05-11 08:58:52,170 INFO Task worker status: 
naming_0%8, pending tasks: 0
naming_1%8, pending tasks: 0
naming_2%8, pending tasks: 0
naming_3%8, pending tasks: 0
naming_4%8, pending tasks: 0
naming_5%8, pending tasks: 0
naming_6%8, pending tasks: 0
naming_7%8, pending tasks: 0


2023-05-11 08:58:52,174 INFO DISTRO:|0|0|0|0|0|

2023-05-11 08:59:52,175 INFO PERFORMANCE:|0|0|0|-1|-1|45|0

2023-05-11 08:59:52,186 INFO Task worker status: 
naming_0%8, pending tasks: 0
naming_1%8, pending tasks: 0
naming_2%8, pending tasks: 0
naming_3%8, pending tasks: 0
naming_4%8, pending tasks: 0
naming_5%8, pending tasks: 0
naming_6%8, pending tasks: 0
naming_7%8, pending tasks: 0


2023-05-11 08:59:52,187 INFO DISTRO:|0|0|0|0|0|

2023-05-11 09:00:52,199 INFO PERFORMANCE:|0|0|0|-1|-1|45|0

2023-05-11 09:00:52,213 INFO Task worker status: 
naming_0%8, pending tasks: 0
naming_1%8, pending tasks: 0
naming_2%8, pending tasks: 0
naming_3%8, pending tasks: 0
naming_4%8, pending tasks: 0
naming_5%8, pending tasks: 0
naming_6%8, pending tasks: 0
naming_7%8, pending tasks: 0


2023-05-11 09:00:52,225 INFO DISTRO:|0|0|0|0|0|

2023-05-11 09:01:52,226 INFO PERFORMANCE:|0|0|0|-1|-1|45|0

2023-05-11 09:01:52,244 INFO Task worker status: 
naming_0%8, pending tasks: 0
naming_1%8, pending tasks: 0
naming_2%8, pending tasks: 0
naming_3%8, pending tasks: 0
naming_4%8, pending tasks: 0
naming_5%8, pending tasks: 0
naming_6%8, pending tasks: 0
naming_7%8, pending tasks: 0


2023-05-11 09:01:52,246 INFO DISTRO:|0|0|0|0|0|

2023-05-11 09:02:52,261 INFO PERFORMANCE:|0|0|0|-1|-1|45|0

2023-05-11 09:02:52,275 INFO Task worker status: 
naming_0%8, pending tasks: 0
naming_1%8, pending tasks: 0
naming_2%8, pending tasks: 0
naming_3%8, pending tasks: 0
naming_4%8, pending tasks: 0
naming_5%8, pending tasks: 0
naming_6%8, pending tasks: 0
naming_7%8, pending tasks: 0


2023-05-11 09:02:52,278 INFO DISTRO:|0|0|0|0|0|

2023-05-11 09:03:52,281 INFO PERFORMANCE:|0|0|0|-1|-1|45|0

2023-05-11 09:03:52,286 INFO Task worker status: 
naming_0%8, pending tasks: 0
naming_1%8, pending tasks: 0
naming_2%8, pending tasks: 0
naming_3%8, pending tasks: 0
naming_4%8, pending tasks: 0
naming_5%8, pending tasks: 0
naming_6%8, pending tasks: 0
naming_7%8, pending tasks: 0


2023-05-11 09:03:52,290 INFO DISTRO:|0|0|0|0|0|

2023-05-11 09:04:52,298 INFO PERFORMANCE:|0|0|0|-1|-1|45|0

2023-05-11 09:04:52,308 INFO Task worker status: 
naming_0%8, pending tasks: 0
naming_1%8, pending tasks: 0
naming_2%8, pending tasks: 0
naming_3%8, pending tasks: 0
naming_4%8, pending tasks: 0
naming_5%8, pending tasks: 0
naming_6%8, pending tasks: 0
naming_7%8, pending tasks: 0


2023-05-11 09:04:52,316 INFO DISTRO:|0|0|0|0|0|

2023-05-11 09:05:52,318 INFO PERFORMANCE:|0|0|0|-1|-1|45|0

2023-05-11 09:05:52,335 INFO Task worker status: 
naming_0%8, pending tasks: 0
naming_1%8, pending tasks: 0
naming_2%8, pending tasks: 0
naming_3%8, pending tasks: 0
naming_4%8, pending tasks: 0
naming_5%8, pending tasks: 0
naming_6%8, pending tasks: 0
naming_7%8, pending tasks: 0


2023-05-11 09:05:52,336 INFO DISTRO:|0|0|0|0|0|

2023-05-11 09:06:52,340 INFO PERFORMANCE:|serviceCount|ipCount|subscribeCount|maxPushCost|avgPushCost|totalPushCount|failPushCount

2023-05-11 09:06:52,360 INFO DISTRO:|V1SyncDone|V1SyncFail|V2SyncDone|V2SyncFail|V2VerifyFail|

2023-05-11 09:06:52,362 INFO PERFORMANCE:|0|0|0|-1|-1|45|0

2023-05-11 09:06:52,363 INFO Task worker status: 
naming_0%8, pending tasks: 0
naming_1%8, pending tasks: 0
naming_2%8, pending tasks: 0
naming_3%8, pending tasks: 0
naming_4%8, pending tasks: 0
naming_5%8, pending tasks: 0
naming_6%8, pending tasks: 0
naming_7%8, pending tasks: 0


2023-05-11 09:06:52,369 INFO DISTRO:|0|0|0|0|0|

2023-05-11 09:07:52,371 INFO PERFORMANCE:|0|0|0|-1|-1|45|0

2023-05-11 09:07:52,391 INFO Task worker status: 
naming_0%8, pending tasks: 0
naming_1%8, pending tasks: 0
naming_2%8, pending tasks: 0
naming_3%8, pending tasks: 0
naming_4%8, pending tasks: 0
naming_5%8, pending tasks: 0
naming_6%8, pending tasks: 0
naming_7%8, pending tasks: 0


2023-05-11 09:07:52,394 INFO DISTRO:|0|0|0|0|0|

2023-05-11 09:08:52,400 INFO PERFORMANCE:|0|0|0|-1|-1|45|0

2023-05-11 09:08:52,409 INFO Task worker status: 
naming_0%8, pending tasks: 0
naming_1%8, pending tasks: 0
naming_2%8, pending tasks: 0
naming_3%8, pending tasks: 0
naming_4%8, pending tasks: 0
naming_5%8, pending tasks: 0
naming_6%8, pending tasks: 0
naming_7%8, pending tasks: 0


2023-05-11 09:08:52,417 INFO DISTRO:|0|0|0|0|0|

2023-05-11 09:09:54,904 INFO PERFORMANCE:|0|0|0|-1|-1|45|0

2023-05-11 09:09:54,914 INFO Task worker status: 
naming_0%8, pending tasks: 0
naming_1%8, pending tasks: 0
naming_2%8, pending tasks: 0
naming_3%8, pending tasks: 0
naming_4%8, pending tasks: 0
naming_5%8, pending tasks: 0
naming_6%8, pending tasks: 0
naming_7%8, pending tasks: 0


2023-05-11 09:09:54,917 INFO DISTRO:|0|0|0|0|0|

2023-05-11 09:13:34,411 INFO PERFORMANCE:|0|0|0|-1|-1|45|0

2023-05-11 09:13:34,418 INFO Task worker status: 
naming_0%8, pending tasks: 0
naming_1%8, pending tasks: 0
naming_2%8, pending tasks: 0
naming_3%8, pending tasks: 0
naming_4%8, pending tasks: 0
naming_5%8, pending tasks: 0
naming_6%8, pending tasks: 0
naming_7%8, pending tasks: 0


2023-05-11 09:13:34,421 INFO DISTRO:|0|0|0|0|0|

2023-05-11 09:14:34,423 INFO PERFORMANCE:|0|0|0|-1|-1|45|0

2023-05-11 09:14:34,432 INFO Task worker status: 
naming_0%8, pending tasks: 0
naming_1%8, pending tasks: 0
naming_2%8, pending tasks: 0
naming_3%8, pending tasks: 0
naming_4%8, pending tasks: 0
naming_5%8, pending tasks: 0
naming_6%8, pending tasks: 0
naming_7%8, pending tasks: 0


2023-05-11 09:14:34,434 INFO DISTRO:|0|0|0|0|0|

2023-05-11 09:15:34,437 INFO PERFORMANCE:|0|0|0|-1|-1|45|0

2023-05-11 09:15:34,445 INFO Task worker status: 
naming_0%8, pending tasks: 0
naming_1%8, pending tasks: 0
naming_2%8, pending tasks: 0
naming_3%8, pending tasks: 0
naming_4%8, pending tasks: 0
naming_5%8, pending tasks: 0
naming_6%8, pending tasks: 0
naming_7%8, pending tasks: 0


2023-05-11 09:15:34,448 INFO DISTRO:|0|0|0|0|0|

2023-05-11 09:16:34,451 INFO PERFORMANCE:|0|0|0|-1|-1|45|0

2023-05-11 09:16:34,457 INFO Task worker status: 
naming_0%8, pending tasks: 0
naming_1%8, pending tasks: 0
naming_2%8, pending tasks: 0
naming_3%8, pending tasks: 0
naming_4%8, pending tasks: 0
naming_5%8, pending tasks: 0
naming_6%8, pending tasks: 0
naming_7%8, pending tasks: 0


2023-05-11 09:16:34,458 INFO DISTRO:|0|0|0|0|0|

2023-05-11 09:17:34,462 INFO PERFORMANCE:|0|0|0|-1|-1|45|0

2023-05-11 09:17:34,469 INFO Task worker status: 
naming_0%8, pending tasks: 0
naming_1%8, pending tasks: 0
naming_2%8, pending tasks: 0
naming_3%8, pending tasks: 0
naming_4%8, pending tasks: 0
naming_5%8, pending tasks: 0
naming_6%8, pending tasks: 0
naming_7%8, pending tasks: 0


2023-05-11 09:17:34,471 INFO DISTRO:|0|0|0|0|0|

2023-05-11 09:18:34,473 INFO PERFORMANCE:|0|0|0|-1|-1|45|0

2023-05-11 09:18:34,481 INFO Task worker status: 
naming_0%8, pending tasks: 0
naming_1%8, pending tasks: 0
naming_2%8, pending tasks: 0
naming_3%8, pending tasks: 0
naming_4%8, pending tasks: 0
naming_5%8, pending tasks: 0
naming_6%8, pending tasks: 0
naming_7%8, pending tasks: 0


2023-05-11 09:18:34,483 INFO DISTRO:|0|0|0|0|0|

2023-05-11 09:19:34,486 INFO PERFORMANCE:|serviceCount|ipCount|subscribeCount|maxPushCost|avgPushCost|totalPushCount|failPushCount

2023-05-11 09:19:34,496 INFO DISTRO:|V1SyncDone|V1SyncFail|V2SyncDone|V2SyncFail|V2VerifyFail|

2023-05-11 09:19:34,500 INFO PERFORMANCE:|0|0|0|-1|-1|45|0

2023-05-11 09:19:34,501 INFO Task worker status: 
naming_0%8, pending tasks: 0
naming_1%8, pending tasks: 0
naming_2%8, pending tasks: 0
naming_3%8, pending tasks: 0
naming_4%8, pending tasks: 0
naming_5%8, pending tasks: 0
naming_6%8, pending tasks: 0
naming_7%8, pending tasks: 0


2023-05-11 09:19:34,503 INFO DISTRO:|0|0|0|0|0|

2023-05-11 09:20:34,504 INFO PERFORMANCE:|0|0|0|-1|-1|45|0

2023-05-11 09:20:34,512 INFO Task worker status: 
naming_0%8, pending tasks: 0
naming_1%8, pending tasks: 0
naming_2%8, pending tasks: 0
naming_3%8, pending tasks: 0
naming_4%8, pending tasks: 0
naming_5%8, pending tasks: 0
naming_6%8, pending tasks: 0
naming_7%8, pending tasks: 0


2023-05-11 09:20:34,514 INFO DISTRO:|0|0|0|0|0|

2023-05-11 09:21:34,518 INFO PERFORMANCE:|0|0|0|-1|-1|45|0

2023-05-11 09:21:34,526 INFO Task worker status: 
naming_0%8, pending tasks: 0
naming_1%8, pending tasks: 0
naming_2%8, pending tasks: 0
naming_3%8, pending tasks: 0
naming_4%8, pending tasks: 0
naming_5%8, pending tasks: 0
naming_6%8, pending tasks: 0
naming_7%8, pending tasks: 0


2023-05-11 09:21:34,528 INFO DISTRO:|0|0|0|0|0|

2023-05-11 09:22:34,529 INFO PERFORMANCE:|0|0|0|-1|-1|45|0

2023-05-11 09:22:34,542 INFO Task worker status: 
naming_0%8, pending tasks: 0
naming_1%8, pending tasks: 0
naming_2%8, pending tasks: 0
naming_3%8, pending tasks: 0
naming_4%8, pending tasks: 0
naming_5%8, pending tasks: 0
naming_6%8, pending tasks: 0
naming_7%8, pending tasks: 0


2023-05-11 09:22:34,544 INFO DISTRO:|0|0|0|0|0|

2023-05-11 09:23:34,555 INFO PERFORMANCE:|0|0|0|-1|-1|45|0

2023-05-11 09:23:34,562 INFO Task worker status: 
naming_0%8, pending tasks: 0
naming_1%8, pending tasks: 0
naming_2%8, pending tasks: 0
naming_3%8, pending tasks: 0
naming_4%8, pending tasks: 0
naming_5%8, pending tasks: 0
naming_6%8, pending tasks: 0
naming_7%8, pending tasks: 0


2023-05-11 09:23:34,564 INFO DISTRO:|0|0|0|0|0|

2023-05-11 09:24:34,567 INFO PERFORMANCE:|0|0|0|-1|-1|45|0

2023-05-11 09:24:34,573 INFO Task worker status: 
naming_0%8, pending tasks: 0
naming_1%8, pending tasks: 0
naming_2%8, pending tasks: 0
naming_3%8, pending tasks: 0
naming_4%8, pending tasks: 0
naming_5%8, pending tasks: 0
naming_6%8, pending tasks: 0
naming_7%8, pending tasks: 0


2023-05-11 09:24:34,575 INFO DISTRO:|0|0|0|0|0|

2023-05-11 09:25:34,579 INFO PERFORMANCE:|0|0|0|-1|-1|45|0

2023-05-11 09:25:34,588 INFO Task worker status: 
naming_0%8, pending tasks: 0
naming_1%8, pending tasks: 0
naming_2%8, pending tasks: 0
naming_3%8, pending tasks: 0
naming_4%8, pending tasks: 0
naming_5%8, pending tasks: 0
naming_6%8, pending tasks: 0
naming_7%8, pending tasks: 0


2023-05-11 09:25:34,591 INFO DISTRO:|0|0|0|0|0|

2023-05-11 09:26:34,591 INFO PERFORMANCE:|0|0|0|-1|-1|45|0

2023-05-11 09:26:34,595 INFO Task worker status: 
naming_0%8, pending tasks: 0
naming_1%8, pending tasks: 0
naming_2%8, pending tasks: 0
naming_3%8, pending tasks: 0
naming_4%8, pending tasks: 0
naming_5%8, pending tasks: 0
naming_6%8, pending tasks: 0
naming_7%8, pending tasks: 0


2023-05-11 09:26:34,596 INFO DISTRO:|0|0|0|0|0|

