2023-05-09 21:44:48,202 INFO Register tps control,pointName=CONFIG_PUSH_COUNT, point=com.alibaba.nacos.core.remote.control.TpsMonitorPoint@42f9c19a 

2023-05-09 21:44:48,204 INFO Load rule from local,pointName=CONFIG_PUSH_COUNT, ruleContent= 

2023-05-09 21:44:48,204 INFO Apply tps control rule parse start,pointName=[CONFIG_PUSH_COUNT]  

2023-05-09 21:44:48,204 INFO Clear point  control rule ,pointName=[CONFIG_PUSH_COUNT]  

2023-05-09 21:44:48,205 INFO Clear point  control rule for monitorKeys, pointName=[CONFIG_PUSH_COUNT]  

2023-05-09 21:44:48,206 INFO Register tps control,pointName=CONFIG_PUSH_SUCCESS, point=com.alibaba.nacos.core.remote.control.TpsMonitorPoint@64bfd6fd 

2023-05-09 21:44:48,206 INFO Load rule from local,pointName=CONFIG_PUSH_SUCCESS, ruleContent= 

2023-05-09 21:44:48,206 INFO Apply tps control rule parse start,pointName=[CONFIG_PUSH_SUCCESS]  

2023-05-09 21:44:48,207 INFO Clear point  control rule ,pointName=[CONFIG_PUSH_SUCCESS]  

2023-05-09 21:44:48,207 INFO Clear point  control rule for monitorKeys, pointName=[CONFIG_PUSH_SUCCESS]  

2023-05-09 21:44:48,208 INFO Register tps control,pointName=CONFIG_PUSH_FAIL, point=com.alibaba.nacos.core.remote.control.TpsMonitorPoint@2ab2710 

2023-05-09 21:44:48,208 INFO Load rule from local,pointName=CONFIG_PUSH_FAIL, ruleContent= 

2023-05-09 21:44:48,208 INFO Apply tps control rule parse start,pointName=[CONFIG_PUSH_FAIL]  

2023-05-09 21:44:48,209 INFO Clear point  control rule ,pointName=[CONFIG_PUSH_FAIL]  

2023-05-09 21:44:48,209 INFO Clear point  control rule for monitorKeys, pointName=[CONFIG_PUSH_FAIL]  

2023-05-09 21:44:50,094 INFO Register tps control,pointName=ConfigQuery, point=com.alibaba.nacos.core.remote.control.TpsMonitorPoint@15b82644 

2023-05-09 21:44:50,096 INFO Load rule from local,pointName=ConfigQuery, ruleContent= 

2023-05-09 21:44:50,096 INFO Apply tps control rule parse start,pointName=[ConfigQuery]  

2023-05-09 21:44:50,096 INFO Clear point  control rule ,pointName=[ConfigQuery]  

2023-05-09 21:44:50,097 INFO Clear point  control rule for monitorKeys, pointName=[ConfigQuery]  

2023-05-09 21:44:50,097 INFO Register tps control,pointName=ClusterConfigChangeNotify, point=com.alibaba.nacos.core.remote.control.TpsMonitorPoint@20576557 

2023-05-09 21:44:50,098 INFO Load rule from local,pointName=ClusterConfigChangeNotify, ruleContent= 

2023-05-09 21:44:50,098 INFO Apply tps control rule parse start,pointName=[ClusterConfigChangeNotify]  

2023-05-09 21:44:50,099 INFO Clear point  control rule ,pointName=[ClusterConfigChangeNotify]  

2023-05-09 21:44:50,099 INFO Clear point  control rule for monitorKeys, pointName=[ClusterConfigChangeNotify]  

2023-05-09 21:44:50,099 INFO Register tps control,pointName=ConfigListen, point=com.alibaba.nacos.core.remote.control.TpsMonitorPoint@574cd322 

2023-05-09 21:44:50,100 INFO Load rule from local,pointName=ConfigListen, ruleContent= 

2023-05-09 21:44:50,100 INFO Apply tps control rule parse start,pointName=[ConfigListen]  

2023-05-09 21:44:50,101 INFO Clear point  control rule ,pointName=[ConfigListen]  

2023-05-09 21:44:50,101 INFO Clear point  control rule for monitorKeys, pointName=[ConfigListen]  

2023-05-09 21:44:50,101 INFO Register tps control,pointName=ConfigRemove, point=com.alibaba.nacos.core.remote.control.TpsMonitorPoint@45c2e0a6 

2023-05-09 21:44:50,102 INFO Load rule from local,pointName=ConfigRemove, ruleContent= 

2023-05-09 21:44:50,103 INFO Apply tps control rule parse start,pointName=[ConfigRemove]  

2023-05-09 21:44:50,103 INFO Clear point  control rule ,pointName=[ConfigRemove]  

2023-05-09 21:44:50,103 INFO Clear point  control rule for monitorKeys, pointName=[ConfigRemove]  

2023-05-09 21:44:50,104 INFO Register tps control,pointName=ConfigPublish, point=com.alibaba.nacos.core.remote.control.TpsMonitorPoint@119c745c 

2023-05-09 21:44:50,104 INFO Load rule from local,pointName=ConfigPublish, ruleContent= 

2023-05-09 21:44:50,105 INFO Apply tps control rule parse start,pointName=[ConfigPublish]  

2023-05-09 21:44:50,105 INFO Clear point  control rule ,pointName=[ConfigPublish]  

2023-05-09 21:44:50,106 INFO Clear point  control rule for monitorKeys, pointName=[ConfigPublish]  

2023-05-09 21:44:50,106 INFO Register tps control,pointName=HealthCheck, point=com.alibaba.nacos.core.remote.control.TpsMonitorPoint@a7ad6e5 

2023-05-09 21:44:50,106 INFO Load rule from local,pointName=HealthCheck, ruleContent= 

2023-05-09 21:44:50,107 INFO Apply tps control rule parse start,pointName=[HealthCheck]  

2023-05-09 21:44:50,107 INFO Clear point  control rule ,pointName=[HealthCheck]  

2023-05-09 21:44:50,107 INFO Clear point  control rule for monitorKeys, pointName=[HealthCheck]  

2023-05-09 21:44:52,514 INFO Register tps control,pointName=NAMING_RPC_PUSH, point=com.alibaba.nacos.core.remote.control.TpsMonitorPoint@430343c9 

2023-05-09 21:44:52,516 INFO Load rule from local,pointName=NAMING_RPC_PUSH, ruleContent= 

2023-05-09 21:44:52,517 INFO Apply tps control rule parse start,pointName=[NAMING_RPC_PUSH]  

2023-05-09 21:44:52,518 INFO Clear point  control rule ,pointName=[NAMING_RPC_PUSH]  

2023-05-09 21:44:52,518 INFO Clear point  control rule for monitorKeys, pointName=[NAMING_RPC_PUSH]  

2023-05-09 21:44:52,519 INFO Register tps control,pointName=NAMING_RPC_PUSH_SUCCESS, point=com.alibaba.nacos.core.remote.control.TpsMonitorPoint@69ff880c 

2023-05-09 21:44:52,520 INFO Load rule from local,pointName=NAMING_RPC_PUSH_SUCCESS, ruleContent= 

2023-05-09 21:44:52,520 INFO Apply tps control rule parse start,pointName=[NAMING_RPC_PUSH_SUCCESS]  

2023-05-09 21:44:52,521 INFO Clear point  control rule ,pointName=[NAMING_RPC_PUSH_SUCCESS]  

2023-05-09 21:44:52,521 INFO Clear point  control rule for monitorKeys, pointName=[NAMING_RPC_PUSH_SUCCESS]  

2023-05-09 21:44:52,522 INFO Register tps control,pointName=NAMING_RPC_PUSH_FAIL, point=com.alibaba.nacos.core.remote.control.TpsMonitorPoint@24e37397 

2023-05-09 21:44:52,522 INFO Load rule from local,pointName=NAMING_RPC_PUSH_FAIL, ruleContent= 

2023-05-09 21:44:52,523 INFO Apply tps control rule parse start,pointName=[NAMING_RPC_PUSH_FAIL]  

2023-05-09 21:44:52,524 INFO Clear point  control rule ,pointName=[NAMING_RPC_PUSH_FAIL]  

2023-05-09 21:44:52,524 INFO Clear point  control rule for monitorKeys, pointName=[NAMING_RPC_PUSH_FAIL]  

2023-05-09 21:44:52,525 INFO Register tps control,pointName=NAMING_UDP_PUSH, point=com.alibaba.nacos.core.remote.control.TpsMonitorPoint@7cabcf92 

2023-05-09 21:44:52,526 INFO Load rule from local,pointName=NAMING_UDP_PUSH, ruleContent= 

2023-05-09 21:44:52,526 INFO Apply tps control rule parse start,pointName=[NAMING_UDP_PUSH]  

2023-05-09 21:44:52,527 INFO Clear point  control rule ,pointName=[NAMING_UDP_PUSH]  

2023-05-09 21:44:52,529 INFO Clear point  control rule for monitorKeys, pointName=[NAMING_UDP_PUSH]  

2023-05-09 21:44:52,529 INFO Register tps control,pointName=NAMING_UDP_PUSH_SUCCESS, point=com.alibaba.nacos.core.remote.control.TpsMonitorPoint@256fc6c5 

2023-05-09 21:44:52,530 INFO Load rule from local,pointName=NAMING_UDP_PUSH_SUCCESS, ruleContent= 

2023-05-09 21:44:52,530 INFO Apply tps control rule parse start,pointName=[NAMING_UDP_PUSH_SUCCESS]  

2023-05-09 21:44:52,531 INFO Clear point  control rule ,pointName=[NAMING_UDP_PUSH_SUCCESS]  

2023-05-09 21:44:52,531 INFO Clear point  control rule for monitorKeys, pointName=[NAMING_UDP_PUSH_SUCCESS]  

2023-05-09 21:44:52,532 INFO Register tps control,pointName=NAMING_UDP_PUSH_FAIL, point=com.alibaba.nacos.core.remote.control.TpsMonitorPoint@30c5958c 

2023-05-09 21:44:52,532 INFO Load rule from local,pointName=NAMING_UDP_PUSH_FAIL, ruleContent= 

2023-05-09 21:44:52,533 INFO Apply tps control rule parse start,pointName=[NAMING_UDP_PUSH_FAIL]  

2023-05-09 21:44:52,533 INFO Clear point  control rule ,pointName=[NAMING_UDP_PUSH_FAIL]  

2023-05-09 21:44:52,534 INFO Clear point  control rule for monitorKeys, pointName=[NAMING_UDP_PUSH_FAIL]  

2023-05-09 21:44:52,534 INFO Register tps control,pointName=NAMING_DISTRO_SYNC, point=com.alibaba.nacos.core.remote.control.TpsMonitorPoint@f8527c8 

2023-05-09 21:44:52,535 INFO Load rule from local,pointName=NAMING_DISTRO_SYNC, ruleContent= 

2023-05-09 21:44:52,536 INFO Apply tps control rule parse start,pointName=[NAMING_DISTRO_SYNC]  

2023-05-09 21:44:52,537 INFO Clear point  control rule ,pointName=[NAMING_DISTRO_SYNC]  

2023-05-09 21:44:52,537 INFO Clear point  control rule for monitorKeys, pointName=[NAMING_DISTRO_SYNC]  

2023-05-09 21:44:52,538 INFO Register tps control,pointName=NAMING_DISTRO_SYNC_SUCCESS, point=com.alibaba.nacos.core.remote.control.TpsMonitorPoint@2df0aef5 

2023-05-09 21:44:52,538 INFO Load rule from local,pointName=NAMING_DISTRO_SYNC_SUCCESS, ruleContent= 

2023-05-09 21:44:52,539 INFO Apply tps control rule parse start,pointName=[NAMING_DISTRO_SYNC_SUCCESS]  

2023-05-09 21:44:52,539 INFO Clear point  control rule ,pointName=[NAMING_DISTRO_SYNC_SUCCESS]  

2023-05-09 21:44:52,540 INFO Clear point  control rule for monitorKeys, pointName=[NAMING_DISTRO_SYNC_SUCCESS]  

2023-05-09 21:44:52,540 INFO Register tps control,pointName=NAMING_DISTRO_SYNC_FAIL, point=com.alibaba.nacos.core.remote.control.TpsMonitorPoint@76f20c60 

2023-05-09 21:44:52,541 INFO Load rule from local,pointName=NAMING_DISTRO_SYNC_FAIL, ruleContent= 

2023-05-09 21:44:52,541 INFO Apply tps control rule parse start,pointName=[NAMING_DISTRO_SYNC_FAIL]  

2023-05-09 21:44:52,542 INFO Clear point  control rule ,pointName=[NAMING_DISTRO_SYNC_FAIL]  

2023-05-09 21:44:52,542 INFO Clear point  control rule for monitorKeys, pointName=[NAMING_DISTRO_SYNC_FAIL]  

2023-05-09 21:44:52,543 INFO Register tps control,pointName=NAMING_DISTRO_VERIFY, point=com.alibaba.nacos.core.remote.control.TpsMonitorPoint@6a878ec7 

2023-05-09 21:44:52,543 INFO Load rule from local,pointName=NAMING_DISTRO_VERIFY, ruleContent= 

2023-05-09 21:44:52,544 INFO Apply tps control rule parse start,pointName=[NAMING_DISTRO_VERIFY]  

2023-05-09 21:44:52,544 INFO Clear point  control rule ,pointName=[NAMING_DISTRO_VERIFY]  

2023-05-09 21:44:52,545 INFO Clear point  control rule for monitorKeys, pointName=[NAMING_DISTRO_VERIFY]  

2023-05-09 21:44:52,545 INFO Register tps control,pointName=NAMING_DISTRO_VERIFY_SUCCESS, point=com.alibaba.nacos.core.remote.control.TpsMonitorPoint@4c1a4f38 

2023-05-09 21:44:52,547 INFO Load rule from local,pointName=NAMING_DISTRO_VERIFY_SUCCESS, ruleContent= 

2023-05-09 21:44:52,547 INFO Apply tps control rule parse start,pointName=[NAMING_DISTRO_VERIFY_SUCCESS]  

2023-05-09 21:44:52,547 INFO Clear point  control rule ,pointName=[NAMING_DISTRO_VERIFY_SUCCESS]  

2023-05-09 21:44:52,548 INFO Clear point  control rule for monitorKeys, pointName=[NAMING_DISTRO_VERIFY_SUCCESS]  

2023-05-09 21:44:52,548 INFO Register tps control,pointName=NAMING_DISTRO_VERIFY_FAIL, point=com.alibaba.nacos.core.remote.control.TpsMonitorPoint@64b5d748 

2023-05-09 21:44:52,549 INFO Load rule from local,pointName=NAMING_DISTRO_VERIFY_FAIL, ruleContent= 

2023-05-09 21:44:52,549 INFO Apply tps control rule parse start,pointName=[NAMING_DISTRO_VERIFY_FAIL]  

2023-05-09 21:44:52,550 INFO Clear point  control rule ,pointName=[NAMING_DISTRO_VERIFY_FAIL]  

2023-05-09 21:44:52,550 INFO Clear point  control rule for monitorKeys, pointName=[NAMING_DISTRO_VERIFY_FAIL]  

